#
# There is insufficient memory for the Java Runtime Environment to continue.
# Native memory allocation (mmap) failed to map 111149056 bytes. Error detail: G1 virtual space
# Possible reasons:
#   The system is out of physical RAM or swap space
#   This process is running with CompressedOops enabled, and the Java Heap may be blocking the growth of the native heap
# Possible solutions:
#   Reduce memory load on the system
#   Increase physical memory or swap space
#   Check if swap backing store is full
#   Decrease Java heap size (-Xmx/-Xms)
#   Decrease number of Java threads
#   Decrease Java thread stack sizes (-Xss)
#   Set larger code cache with -XX:ReservedCodeCacheSize=
#   JVM is running with Unscaled Compressed Oops mode in which the Java heap is
#     placed in the first 4GB address space. The Java Heap base address is the
#     maximum limit for the native heap growth. Please use -XX:HeapBaseMinAddress
#     to set the Java Heap base and to place the Java Heap above 4GB virtual address.
# This output file may be truncated or incomplete.
#
#  Out of Memory Error (os_windows.cpp:3828), pid=227248, tid=224776
#
# JRE version: OpenJDK Runtime Environment (21.0.5) (build 21.0.5+-12932927-b750.29)
# Java VM: OpenJDK 64-Bit Server VM (21.0.5+-12932927-b750.29, mixed mode, tiered, compressed oops, compressed class ptrs, g1 gc, windows-amd64)
# No core dump will be written. Minidumps are not enabled by default on client versions of Windows
#

---------------  S U M M A R Y ------------

Command Line: --add-opens=java.base/java.lang=ALL-UNNAMED --add-opens=java.base/java.lang.invoke=ALL-UNNAMED --add-opens=java.base/java.util=ALL-UNNAMED --add-opens=java.prefs/java.util.prefs=ALL-UNNAMED --add-exports=jdk.compiler/com.sun.tools.javac.api=ALL-UNNAMED --add-exports=jdk.compiler/com.sun.tools.javac.util=ALL-UNNAMED --add-opens=java.base/java.util=ALL-UNNAMED --add-opens=java.prefs/java.util.prefs=ALL-UNNAMED --add-opens=java.base/java.nio.charset=ALL-UNNAMED --add-opens=java.base/java.net=ALL-UNNAMED --add-opens=java.base/java.util.concurrent.atomic=ALL-UNNAMED --add-opens=java.xml/javax.xml.namespace=ALL-UNNAMED -Xmx2048m -Dfile.encoding=UTF-8 -Duser.country=US -Duser.language=en -Duser.variant -javaagent:C:\Users\andre\.gradle\wrapper\dists\gradle-8.11-bin\c4te04g51qsyw1bxcb929u7br\gradle-8.11\lib\agents\gradle-instrumentation-agent-8.11.jar org.gradle.launcher.daemon.bootstrap.GradleDaemon 8.11

Host: Intel(R) Core(TM) i5-10200H CPU @ 2.40GHz, 8 cores, 15G,  Windows 11 , 64 bit Build 26100 (10.0.26100.4202)
Time: Thu Jun 19 11:05:26 2025 China Standard Time elapsed time: 12.471122 seconds (0d 0h 0m 12s)

---------------  T H R E A D  ---------------

Current thread (0x000001f9ec3ae9f0):  VMThread "VM Thread"          [id=224776, stack(0x000000d4df800000,0x000000d4df900000) (1024K)]

Stack: [0x000000d4df800000,0x000000d4df900000]
Native frames: (J=compiled Java code, j=interpreted, Vv=VM code, C=native code)
V  [jvm.dll+0x6cfb29]
V  [jvm.dll+0x85ded3]
V  [jvm.dll+0x86042e]
V  [jvm.dll+0x860b13]
V  [jvm.dll+0x27e6b6]
V  [jvm.dll+0x6cc385]
V  [jvm.dll+0x6c078a]
V  [jvm.dll+0x35525b]
V  [jvm.dll+0x35ceb6]
V  [jvm.dll+0x3aedd6]
V  [jvm.dll+0x3af0a8]
V  [jvm.dll+0x32792c]
V  [jvm.dll+0x3279b7]
V  [jvm.dll+0x36d80c]
V  [jvm.dll+0x36bfbe]
V  [jvm.dll+0x327081]
V  [jvm.dll+0x36b9e8]
V  [jvm.dll+0x866898]
V  [jvm.dll+0x867c14]
V  [jvm.dll+0x868150]
V  [jvm.dll+0x8683e3]
V  [jvm.dll+0x806368]
V  [jvm.dll+0x6ce3fd]
C  [ucrtbase.dll+0x37b0]
C  [KERNEL32.DLL+0x2e8d7]
C  [ntdll.dll+0x3c34c]

VM_Operation (0x000000d4e3bfa2d0): G1TryInitiateConcMark, mode: safepoint, requested by thread 0x000001f9f5c80ee0


---------------  P R O C E S S  ---------------

Threads class SMR info:
_java_thread_list=0x000001f9f4bf2db0, length=61, elements={
0x000001f9d42b9420, 0x000001f9ec409d50, 0x000001f9ec40f330, 0x000001f9ec422ce0,
0x000001f9ec424080, 0x000001f9ec425250, 0x000001f9ec41afb0, 0x000001f9ec438560,
0x000001f9ec41c570, 0x000001f9ec5c4180, 0x000001f9ec5c0d00, 0x000001f9ec5c1390,
0x000001f9ec5c1a20, 0x000001f9ec5c20b0, 0x000001f9ec5c3af0, 0x000001f9ec5c2dd0,
0x000001f9ec5c3460, 0x000001f9f2da3720, 0x000001f9f2da5e80, 0x000001f9f2da3db0,
0x000001f9f2da4440, 0x000001f9f2da4ad0, 0x000001f9f2da6ba0, 0x000001f9f2da5160,
0x000001f9f2da57f0, 0x000001f9f2da6510, 0x000001f9f45ed4f0, 0x000001f9f45ea700,
0x000001f9f45ec140, 0x000001f9f45ead90, 0x000001f9f45ec7d0, 0x000001f9f45eb420,
0x000001f9f45ece60, 0x000001f9f45ee210, 0x000001f9f45ee8a0, 0x000001f9f45edb80,
0x000001f9f45eef30, 0x000001f9f45efc50, 0x000001f9f45f02e0, 0x000001f9f45f1000,
0x000001f9f4979520, 0x000001f9f497a240, 0x000001f9f497a8d0, 0x000001f9f497d030,
0x000001f9f497af60, 0x000001f9f4980b40, 0x000001f9f497f790, 0x000001f9f497e3e0,
0x000001f9f497f100, 0x000001f9f497ea70, 0x000001f9f497fe20, 0x000001f9f49804b0,
0x000001f9f2da2fb0, 0x000001f9ec5c2740, 0x000001f9f45f0970, 0x000001f9f5c80850,
0x000001f9f5c7fb30, 0x000001f9f5c801c0, 0x000001f9f5c7f4a0, 0x000001f9f5c80ee0,
0x000001f9f66dcbf0
}

Java Threads: ( => current thread )
  0x000001f9d42b9420 JavaThread "main"                              [_thread_blocked, id=227308, stack(0x000000d4df100000,0x000000d4df200000) (1024K)]
  0x000001f9ec409d50 JavaThread "Reference Handler"          daemon [_thread_blocked, id=225136, stack(0x000000d4df900000,0x000000d4dfa00000) (1024K)]
  0x000001f9ec40f330 JavaThread "Finalizer"                  daemon [_thread_blocked, id=225764, stack(0x000000d4dfa00000,0x000000d4dfb00000) (1024K)]
  0x000001f9ec422ce0 JavaThread "Signal Dispatcher"          daemon [_thread_blocked, id=222692, stack(0x000000d4dfb00000,0x000000d4dfc00000) (1024K)]
  0x000001f9ec424080 JavaThread "Attach Listener"            daemon [_thread_blocked, id=224268, stack(0x000000d4dfc00000,0x000000d4dfd00000) (1024K)]
  0x000001f9ec425250 JavaThread "Service Thread"             daemon [_thread_blocked, id=225896, stack(0x000000d4dfd00000,0x000000d4dfe00000) (1024K)]
  0x000001f9ec41afb0 JavaThread "Monitor Deflation Thread"   daemon [_thread_blocked, id=224464, stack(0x000000d4dfe00000,0x000000d4dff00000) (1024K)]
  0x000001f9ec438560 JavaThread "C2 CompilerThread0"         daemon [_thread_blocked, id=225232, stack(0x000000d4dff00000,0x000000d4e0000000) (1024K)]
  0x000001f9ec41c570 JavaThread "C1 CompilerThread0"         daemon [_thread_blocked, id=220196, stack(0x000000d4e0000000,0x000000d4e0100000) (1024K)]
  0x000001f9ec5c4180 JavaThread "Common-Cleaner"             daemon [_thread_blocked, id=225956, stack(0x000000d4e0100000,0x000000d4e0200000) (1024K)]
  0x000001f9ec5c0d00 JavaThread "Notification Thread"        daemon [_thread_blocked, id=225900, stack(0x000000d4e0200000,0x000000d4e0300000) (1024K)]
  0x000001f9ec5c1390 JavaThread "Daemon health stats"               [_thread_blocked, id=226440, stack(0x000000d4e0400000,0x000000d4e0500000) (1024K)]
  0x000001f9ec5c1a20 JavaThread "Incoming local TCP Connector on port 49286"        [_thread_in_native, id=226436, stack(0x000000d4e0300000,0x000000d4e0400000) (1024K)]
  0x000001f9ec5c20b0 JavaThread "Daemon periodic checks"            [_thread_blocked, id=226480, stack(0x000000d4e0b00000,0x000000d4e0c00000) (1024K)]
  0x000001f9ec5c3af0 JavaThread "Daemon"                            [_thread_blocked, id=226468, stack(0x000000d4e0c00000,0x000000d4e0d00000) (1024K)]
  0x000001f9ec5c2dd0 JavaThread "Handler for socket connection from /127.0.0.1:49286 to /127.0.0.1:49287"        [_thread_in_native, id=226464, stack(0x000000d4e0d00000,0x000000d4e0e00000) (1024K)]
  0x000001f9ec5c3460 JavaThread "Cancel handler"                    [_thread_blocked, id=226460, stack(0x000000d4e0e00000,0x000000d4e0f00000) (1024K)]
  0x000001f9f2da3720 JavaThread "Daemon worker"                     [_thread_blocked, id=226476, stack(0x000000d4e0f00000,0x000000d4e1000000) (1024K)]
  0x000001f9f2da5e80 JavaThread "Asynchronous log dispatcher for DefaultDaemonConnection: socket connection from /127.0.0.1:49286 to /127.0.0.1:49287"        [_thread_blocked, id=225132, stack(0x000000d4e1000000,0x000000d4e1100000) (1024K)]
  0x000001f9f2da3db0 JavaThread "Stdin handler"                     [_thread_blocked, id=226420, stack(0x000000d4e1100000,0x000000d4e1200000) (1024K)]
  0x000001f9f2da4440 JavaThread "Daemon client event forwarder"        [_thread_blocked, id=226456, stack(0x000000d4e1200000,0x000000d4e1300000) (1024K)]
  0x000001f9f2da4ad0 JavaThread "Cache worker for journal cache (C:\Users\andre\.gradle\caches\journal-1)"        [_thread_blocked, id=225672, stack(0x000000d4e1600000,0x000000d4e1700000) (1024K)]
  0x000001f9f2da6ba0 JavaThread "File lock request listener"        [_thread_blocked, id=223804, stack(0x000000d4e1700000,0x000000d4e1800000) (1024K)]
  0x000001f9f2da5160 JavaThread "Cache worker for file hash cache (C:\Users\andre\.gradle\caches\8.11\fileHashes)"        [_thread_blocked, id=225952, stack(0x000000d4e1800000,0x000000d4e1900000) (1024K)]
  0x000001f9f2da57f0 JavaThread "Cache worker for file content cache (C:\Users\andre\.gradle\caches\8.11\fileContent)"        [_thread_blocked, id=225984, stack(0x000000d4e1a00000,0x000000d4e1b00000) (1024K)]
  0x000001f9f2da6510 JavaThread "Cache worker for file hash cache (D:\work\sena\sena-camera-android-app\.gradle\8.11\fileHashes)"        [_thread_blocked, id=223320, stack(0x000000d4e1b00000,0x000000d4e1c00000) (1024K)]
  0x000001f9f45ed4f0 JavaThread "Cache worker for Build Output Cleanup Cache (D:\work\sena\sena-camera-android-app\.gradle\buildOutputCleanup)"        [_thread_blocked, id=224560, stack(0x000000d4e1c00000,0x000000d4e1d00000) (1024K)]
  0x000001f9f45ea700 JavaThread "File watcher server"        daemon [_thread_in_native, id=224144, stack(0x000000d4e0a00000,0x000000d4e0b00000) (1024K)]
  0x000001f9f45ec140 JavaThread "File watcher consumer"      daemon [_thread_blocked, id=225236, stack(0x000000d4e1900000,0x000000d4e1a00000) (1024K)]
  0x000001f9f45ead90 JavaThread "jar transforms"                    [_thread_blocked, id=141344, stack(0x000000d4e1d00000,0x000000d4e1e00000) (1024K)]
  0x000001f9f45ec7d0 JavaThread "jar transforms Thread 2"           [_thread_blocked, id=226716, stack(0x000000d4e1e00000,0x000000d4e1f00000) (1024K)]
  0x000001f9f45eb420 JavaThread "jar transforms Thread 3"           [_thread_blocked, id=226720, stack(0x000000d4e1f00000,0x000000d4e2000000) (1024K)]
  0x000001f9f45ece60 JavaThread "jar transforms Thread 4"           [_thread_blocked, id=226712, stack(0x000000d4e2000000,0x000000d4e2100000) (1024K)]
  0x000001f9f45ee210 JavaThread "jar transforms Thread 5"           [_thread_blocked, id=225816, stack(0x000000d4e2100000,0x000000d4e2200000) (1024K)]
  0x000001f9f45ee8a0 JavaThread "jar transforms Thread 6"           [_thread_blocked, id=226124, stack(0x000000d4e2200000,0x000000d4e2300000) (1024K)]
  0x000001f9f45edb80 JavaThread "jar transforms Thread 7"           [_thread_blocked, id=225732, stack(0x000000d4e2300000,0x000000d4e2400000) (1024K)]
  0x000001f9f45eef30 JavaThread "jar transforms Thread 8"           [_thread_blocked, id=226788, stack(0x000000d4e2400000,0x000000d4e2500000) (1024K)]
  0x000001f9f45efc50 JavaThread "Cache worker for checksums cache (D:\work\sena\sena-camera-android-app\.gradle\8.11\checksums)"        [_thread_blocked, id=226764, stack(0x000000d4e2700000,0x000000d4e2800000) (1024K)]
  0x000001f9f45f02e0 JavaThread "Cache worker for cache directory md-rule (C:\Users\andre\.gradle\caches\8.11\md-rule)"        [_thread_blocked, id=226776, stack(0x000000d4e2800000,0x000000d4e2900000) (1024K)]
  0x000001f9f45f1000 JavaThread "Cache worker for cache directory md-supplier (C:\Users\andre\.gradle\caches\8.11\md-supplier)"        [_thread_blocked, id=226752, stack(0x000000d4e2900000,0x000000d4e2a00000) (1024K)]
  0x000001f9f4979520 JavaThread "File lock release action executor"        [_thread_blocked, id=226860, stack(0x000000d4e2a00000,0x000000d4e2b00000) (1024K)]
  0x000001f9f497a240 JavaThread "Unconstrained build operations"        [_thread_blocked, id=226836, stack(0x000000d4e2b00000,0x000000d4e2c00000) (1024K)]
  0x000001f9f497a8d0 JavaThread "Unconstrained build operations Thread 2"        [_thread_blocked, id=226856, stack(0x000000d4e2c00000,0x000000d4e2d00000) (1024K)]
  0x000001f9f497d030 JavaThread "Unconstrained build operations Thread 3"        [_thread_blocked, id=226804, stack(0x000000d4e2d00000,0x000000d4e2e00000) (1024K)]
  0x000001f9f497af60 JavaThread "Unconstrained build operations Thread 4"        [_thread_blocked, id=226832, stack(0x000000d4e2e00000,0x000000d4e2f00000) (1024K)]
  0x000001f9f4980b40 JavaThread "Unconstrained build operations Thread 5"        [_thread_blocked, id=226936, stack(0x000000d4e2500000,0x000000d4e2600000) (1024K)]
  0x000001f9f497f790 JavaThread "Unconstrained build operations Thread 6"        [_thread_blocked, id=226928, stack(0x000000d4e2600000,0x000000d4e2700000) (1024K)]
  0x000001f9f497e3e0 JavaThread "Unconstrained build operations Thread 7"        [_thread_blocked, id=226932, stack(0x000000d4e2f00000,0x000000d4e3000000) (1024K)]
  0x000001f9f497f100 JavaThread "Unconstrained build operations Thread 8"        [_thread_blocked, id=223876, stack(0x000000d4e3000000,0x000000d4e3100000) (1024K)]
  0x000001f9f497ea70 JavaThread "Unconstrained build operations Thread 9"        [_thread_blocked, id=223656, stack(0x000000d4e3100000,0x000000d4e3200000) (1024K)]
  0x000001f9f497fe20 JavaThread "Unconstrained build operations Thread 10"        [_thread_blocked, id=225596, stack(0x000000d4e3200000,0x000000d4e3300000) (1024K)]
  0x000001f9f49804b0 JavaThread "Unconstrained build operations Thread 11"        [_thread_blocked, id=219160, stack(0x000000d4e3300000,0x000000d4e3400000) (1024K)]
  0x000001f9f2da2fb0 JavaThread "C2 CompilerThread1"         daemon [_thread_blocked, id=220540, stack(0x000000d4e3400000,0x000000d4e3500000) (1024K)]
  0x000001f9ec5c2740 JavaThread "Unconstrained build operations Thread 12"        [_thread_blocked, id=221436, stack(0x000000d4e3500000,0x000000d4e3600000) (1024K)]
  0x000001f9f45f0970 JavaThread "Unconstrained build operations Thread 13"        [_thread_blocked, id=225296, stack(0x000000d4e3600000,0x000000d4e3700000) (1024K)]
  0x000001f9f5c80850 JavaThread "Unconstrained build operations Thread 14"        [_thread_blocked, id=226176, stack(0x000000d4e3700000,0x000000d4e3800000) (1024K)]
  0x000001f9f5c7fb30 JavaThread "Unconstrained build operations Thread 15"        [_thread_blocked, id=221908, stack(0x000000d4e3800000,0x000000d4e3900000) (1024K)]
  0x000001f9f5c801c0 JavaThread "Unconstrained build operations Thread 16"        [_thread_blocked, id=217760, stack(0x000000d4e3900000,0x000000d4e3a00000) (1024K)]
  0x000001f9f5c7f4a0 JavaThread "Unconstrained build operations Thread 17"        [_thread_blocked, id=141352, stack(0x000000d4e3a00000,0x000000d4e3b00000) (1024K)]
  0x000001f9f5c80ee0 JavaThread "Unconstrained build operations Thread 18"        [_thread_blocked, id=225820, stack(0x000000d4e3b00000,0x000000d4e3c00000) (1024K)]
  0x000001f9f66dcbf0 JavaThread "C2 CompilerThread2"         daemon [_thread_blocked, id=222324, stack(0x000000d4e3c00000,0x000000d4e3d00000) (1024K)]
Total: 61

Other Threads:
=>0x000001f9ec3ae9f0 VMThread "VM Thread"                           [id=224776, stack(0x000000d4df800000,0x000000d4df900000) (1024K)]
  0x000001f9ec1ee460 WatcherThread "VM Periodic Task Thread"        [id=223392, stack(0x000000d4df700000,0x000000d4df800000) (1024K)]
  0x000001f9d4313a80 WorkerThread "GC Thread#0"                     [id=227312, stack(0x000000d4df200000,0x000000d4df300000) (1024K)]
  0x000001f9f1422740 WorkerThread "GC Thread#1"                     [id=226380, stack(0x000000d4e0500000,0x000000d4e0600000) (1024K)]
  0x000001f9f12d6340 WorkerThread "GC Thread#2"                     [id=226388, stack(0x000000d4e0600000,0x000000d4e0700000) (1024K)]
  0x000001f9f1368ce0 WorkerThread "GC Thread#3"                     [id=226144, stack(0x000000d4e0700000,0x000000d4e0800000) (1024K)]
  0x000001f9f1369080 WorkerThread "GC Thread#4"                     [id=219332, stack(0x000000d4e0800000,0x000000d4e0900000) (1024K)]
  0x000001f9f1369420 WorkerThread "GC Thread#5"                     [id=225928, stack(0x000000d4e0900000,0x000000d4e0a00000) (1024K)]
  0x000001f9f2dd0100 WorkerThread "GC Thread#6"                     [id=226452, stack(0x000000d4e1300000,0x000000d4e1400000) (1024K)]
  0x000001f9f2dcf9c0 WorkerThread "GC Thread#7"                     [id=226448, stack(0x000000d4e1400000,0x000000d4e1500000) (1024K)]
  0x000001f9d43257b0 ConcurrentGCThread "G1 Main Marker"            [id=227316, stack(0x000000d4df300000,0x000000d4df400000) (1024K)]
  0x000001f9d43261c0 WorkerThread "G1 Conc#0"                       [id=227320, stack(0x000000d4df400000,0x000000d4df500000) (1024K)]
  0x000001f9f2dcf620 WorkerThread "G1 Conc#1"                       [id=226432, stack(0x000000d4e1500000,0x000000d4e1600000) (1024K)]
  0x000001f9ec0bf710 ConcurrentGCThread "G1 Refine#0"               [id=227324, stack(0x000000d4df500000,0x000000d4df600000) (1024K)]
  0x000001f9ec0c0f40 ConcurrentGCThread "G1 Service"                [id=224236, stack(0x000000d4df600000,0x000000d4df700000) (1024K)]
Total: 15

Threads with active compile tasks:
C2 CompilerThread0  12516 6253       4       org.objectweb.asm.ClassReader::readCode (5117 bytes)
C2 CompilerThread1  12516 6027       4       org.gradle.internal.serialize.AbstractCollectionSerializer::read (47 bytes)
C2 CompilerThread2  12516 6339       4       org.objectweb.asm.ByteVector::putInt (74 bytes)
Total: 3

VM state: at safepoint (normal execution)

VM Mutex/Monitor currently owned by a thread:  ([mutex/lock_event])
[0x00007ffa8337d360] Threads_lock - owner thread: 0x000001f9ec3ae9f0
[0x00007ffa8337d460] Heap_lock - owner thread: 0x000001f9f5c80ee0

Heap address: 0x0000000080000000, size: 2048 MB, Compressed Oops mode: 32-bit

CDS archive(s) not mapped
Compressed class space mapped at: 0x0000000100000000-0x0000000140000000, reserved size: 1073741824
Narrow klass base: 0x0000000000000000, Narrow klass shift: 3, Narrow klass range: 0x140000000

GC Precious Log:
 CardTable entry size: 512
 Card Set container configuration: InlinePtr #cards 5 size 8 Array Of Cards #cards 12 size 40 Howl #buckets 4 coarsen threshold 1843 Howl Bitmap #cards 512 size 80 coarsen threshold 460 Card regions per heap region 1 cards per card region 2048
 CPUs: 8 total, 8 available
 Memory: 16159M
 Large Page Support: Disabled
 NUMA Support: Disabled
 Compressed Oops: Enabled (32-bit)
 Heap Region Size: 1M
 Heap Min Capacity: 8M
 Heap Initial Capacity: 254M
 Heap Max Capacity: 2G
 Pre-touch: Disabled
 Parallel Workers: 8
 Concurrent Workers: 2
 Concurrent Refinement Workers: 8
 Periodic GC: Disabled

Heap:
 garbage-first heap   total 138240K, used 106091K [0x0000000080000000, 0x0000000100000000)
  region size 1024K, 3 young (3072K), 3 survivors (3072K)
 Metaspace       used 58242K, committed 59776K, reserved 1114112K
  class space    used 7925K, committed 8704K, reserved 1048576K

Heap Regions: E=young(eden), S=young(survivor), O=old, HS=humongous(starts), HC=humongous(continues), CS=collection set, F=free, TAMS=top-at-mark-start, PB=parsable bottom
|   0|0x0000000080000000, 0x0000000080100000, 0x0000000080100000|100%| O|  |TAMS 0x0000000080100000| PB 0x0000000080000000| Untracked 
|   1|0x0000000080100000, 0x0000000080200000, 0x0000000080200000|100%|HS|  |TAMS 0x0000000080200000| PB 0x0000000080100000| Complete 
|   2|0x0000000080200000, 0x0000000080300000, 0x0000000080300000|100%|HC|  |TAMS 0x0000000080300000| PB 0x0000000080200000| Complete 
|   3|0x0000000080300000, 0x0000000080400000, 0x0000000080400000|100%|HC|  |TAMS 0x0000000080400000| PB 0x0000000080300000| Complete 
|   4|0x0000000080400000, 0x0000000080500000, 0x0000000080500000|100%| O|  |TAMS 0x0000000080500000| PB 0x0000000080400000| Untracked 
|   5|0x0000000080500000, 0x0000000080600000, 0x0000000080600000|100%| O|  |TAMS 0x0000000080600000| PB 0x0000000080500000| Untracked 
|   6|0x0000000080600000, 0x0000000080700000, 0x0000000080700000|100%| O|  |TAMS 0x0000000080700000| PB 0x0000000080600000| Untracked 
|   7|0x0000000080700000, 0x0000000080800000, 0x0000000080800000|100%|HS|  |TAMS 0x0000000080800000| PB 0x0000000080700000| Complete 
|   8|0x0000000080800000, 0x0000000080900000, 0x0000000080900000|100%| O|  |TAMS 0x0000000080900000| PB 0x0000000080800000| Untracked 
|   9|0x0000000080900000, 0x0000000080a00000, 0x0000000080a00000|100%| O|  |TAMS 0x0000000080a00000| PB 0x0000000080900000| Untracked 
|  10|0x0000000080a00000, 0x0000000080b00000, 0x0000000080b00000|100%| O|  |TAMS 0x0000000080b00000| PB 0x0000000080a00000| Untracked 
|  11|0x0000000080b00000, 0x0000000080c00000, 0x0000000080c00000|100%| O|  |TAMS 0x0000000080c00000| PB 0x0000000080b00000| Untracked 
|  12|0x0000000080c00000, 0x0000000080d00000, 0x0000000080d00000|100%| O|  |TAMS 0x0000000080d00000| PB 0x0000000080c00000| Untracked 
|  13|0x0000000080d00000, 0x0000000080e00000, 0x0000000080e00000|100%| O|  |TAMS 0x0000000080e00000| PB 0x0000000080d00000| Untracked 
|  14|0x0000000080e00000, 0x0000000080f00000, 0x0000000080f00000|100%| O|  |TAMS 0x0000000080f00000| PB 0x0000000080e00000| Untracked 
|  15|0x0000000080f00000, 0x0000000081000000, 0x0000000081000000|100%| O|  |TAMS 0x0000000081000000| PB 0x0000000080f00000| Untracked 
|  16|0x0000000081000000, 0x0000000081100000, 0x0000000081100000|100%| O|  |TAMS 0x0000000081100000| PB 0x0000000081000000| Untracked 
|  17|0x0000000081100000, 0x0000000081200000, 0x0000000081200000|100%| O|  |TAMS 0x0000000081200000| PB 0x0000000081100000| Untracked 
|  18|0x0000000081200000, 0x0000000081300000, 0x0000000081300000|100%| O|  |TAMS 0x0000000081300000| PB 0x0000000081200000| Untracked 
|  19|0x0000000081300000, 0x0000000081400000, 0x0000000081400000|100%| O|  |TAMS 0x0000000081400000| PB 0x0000000081300000| Untracked 
|  20|0x0000000081400000, 0x0000000081500000, 0x0000000081500000|100%| O|  |TAMS 0x0000000081500000| PB 0x0000000081400000| Untracked 
|  21|0x0000000081500000, 0x0000000081600000, 0x0000000081600000|100%|HS|  |TAMS 0x0000000081600000| PB 0x0000000081500000| Complete 
|  22|0x0000000081600000, 0x0000000081700000, 0x0000000081700000|100%|HC|  |TAMS 0x0000000081700000| PB 0x0000000081600000| Complete 
|  23|0x0000000081700000, 0x0000000081800000, 0x0000000081800000|100%|HC|  |TAMS 0x0000000081800000| PB 0x0000000081700000| Complete 
|  24|0x0000000081800000, 0x0000000081900000, 0x0000000081900000|100%|HC|  |TAMS 0x0000000081900000| PB 0x0000000081800000| Complete 
|  25|0x0000000081900000, 0x0000000081a00000, 0x0000000081a00000|100%|HC|  |TAMS 0x0000000081a00000| PB 0x0000000081900000| Complete 
|  26|0x0000000081a00000, 0x0000000081b00000, 0x0000000081b00000|100%|HC|  |TAMS 0x0000000081b00000| PB 0x0000000081a00000| Complete 
|  27|0x0000000081b00000, 0x0000000081c00000, 0x0000000081c00000|100%|HS|  |TAMS 0x0000000081c00000| PB 0x0000000081b00000| Complete 
|  28|0x0000000081c00000, 0x0000000081d00000, 0x0000000081d00000|100%| O|  |TAMS 0x0000000081d00000| PB 0x0000000081c00000| Untracked 
|  29|0x0000000081d00000, 0x0000000081e00000, 0x0000000081e00000|100%| O|  |TAMS 0x0000000081e00000| PB 0x0000000081d00000| Untracked 
|  30|0x0000000081e00000, 0x0000000081f00000, 0x0000000081f00000|100%| O|  |TAMS 0x0000000081f00000| PB 0x0000000081e00000| Untracked 
|  31|0x0000000081f00000, 0x0000000082000000, 0x0000000082000000|100%| O|  |TAMS 0x0000000082000000| PB 0x0000000081f00000| Untracked 
|  32|0x0000000082000000, 0x0000000082100000, 0x0000000082100000|100%| O|  |TAMS 0x0000000082100000| PB 0x0000000082000000| Untracked 
|  33|0x0000000082100000, 0x0000000082200000, 0x0000000082200000|100%|HS|  |TAMS 0x0000000082200000| PB 0x0000000082100000| Complete 
|  34|0x0000000082200000, 0x0000000082300000, 0x0000000082300000|100%|HC|  |TAMS 0x0000000082300000| PB 0x0000000082200000| Complete 
|  35|0x0000000082300000, 0x0000000082400000, 0x0000000082400000|100%|HC|  |TAMS 0x0000000082400000| PB 0x0000000082300000| Complete 
|  36|0x0000000082400000, 0x0000000082500000, 0x0000000082500000|100%|HS|  |TAMS 0x0000000082500000| PB 0x0000000082400000| Complete 
|  37|0x0000000082500000, 0x0000000082600000, 0x0000000082600000|100%|HC|  |TAMS 0x0000000082600000| PB 0x0000000082500000| Complete 
|  38|0x0000000082600000, 0x0000000082700000, 0x0000000082700000|100%| O|  |TAMS 0x0000000082700000| PB 0x0000000082600000| Untracked 
|  39|0x0000000082700000, 0x0000000082800000, 0x0000000082800000|100%| O|  |TAMS 0x0000000082800000| PB 0x0000000082700000| Untracked 
|  40|0x0000000082800000, 0x0000000082900000, 0x0000000082900000|100%| O|  |TAMS 0x0000000082900000| PB 0x0000000082800000| Untracked 
|  41|0x0000000082900000, 0x0000000082a00000, 0x0000000082a00000|100%| O|  |TAMS 0x0000000082a00000| PB 0x0000000082900000| Untracked 
|  42|0x0000000082a00000, 0x0000000082b00000, 0x0000000082b00000|100%| O|  |TAMS 0x0000000082b00000| PB 0x0000000082a00000| Untracked 
|  43|0x0000000082b00000, 0x0000000082c00000, 0x0000000082c00000|100%| O|  |TAMS 0x0000000082c00000| PB 0x0000000082b00000| Untracked 
|  44|0x0000000082c00000, 0x0000000082d00000, 0x0000000082d00000|100%| O|  |TAMS 0x0000000082d00000| PB 0x0000000082c00000| Untracked 
|  45|0x0000000082d00000, 0x0000000082e00000, 0x0000000082e00000|100%| O|  |TAMS 0x0000000082e00000| PB 0x0000000082d00000| Untracked 
|  46|0x0000000082e00000, 0x0000000082f00000, 0x0000000082f00000|100%|HS|  |TAMS 0x0000000082f00000| PB 0x0000000082e00000| Complete 
|  47|0x0000000082f00000, 0x0000000083000000, 0x0000000083000000|100%|HC|  |TAMS 0x0000000083000000| PB 0x0000000082f00000| Complete 
|  48|0x0000000083000000, 0x0000000083100000, 0x0000000083100000|100%| O|  |TAMS 0x0000000083100000| PB 0x0000000083000000| Untracked 
|  49|0x0000000083100000, 0x0000000083200000, 0x0000000083200000|100%| O|  |TAMS 0x0000000083200000| PB 0x0000000083100000| Untracked 
|  50|0x0000000083200000, 0x0000000083300000, 0x0000000083300000|100%| O|  |TAMS 0x0000000083300000| PB 0x0000000083200000| Untracked 
|  51|0x0000000083300000, 0x0000000083400000, 0x0000000083400000|100%| O|  |TAMS 0x0000000083400000| PB 0x0000000083300000| Untracked 
|  52|0x0000000083400000, 0x0000000083500000, 0x0000000083500000|100%| O|  |TAMS 0x0000000083500000| PB 0x0000000083400000| Untracked 
|  53|0x0000000083500000, 0x0000000083600000, 0x0000000083600000|100%| O|  |TAMS 0x0000000083600000| PB 0x0000000083500000| Untracked 
|  54|0x0000000083600000, 0x0000000083700000, 0x0000000083700000|100%| O|  |TAMS 0x0000000083700000| PB 0x0000000083600000| Untracked 
|  55|0x0000000083700000, 0x0000000083800000, 0x0000000083800000|100%| O|  |TAMS 0x0000000083800000| PB 0x0000000083700000| Untracked 
|  56|0x0000000083800000, 0x0000000083900000, 0x0000000083900000|100%| O|  |TAMS 0x0000000083900000| PB 0x0000000083800000| Untracked 
|  57|0x0000000083900000, 0x0000000083a00000, 0x0000000083a00000|100%|HS|  |TAMS 0x0000000083a00000| PB 0x0000000083900000| Complete 
|  58|0x0000000083a00000, 0x0000000083b00000, 0x0000000083b00000|100%| O|  |TAMS 0x0000000083b00000| PB 0x0000000083a00000| Untracked 
|  59|0x0000000083b00000, 0x0000000083c00000, 0x0000000083c00000|100%| O|  |TAMS 0x0000000083c00000| PB 0x0000000083b00000| Untracked 
|  60|0x0000000083c00000, 0x0000000083d00000, 0x0000000083d00000|100%| O|  |TAMS 0x0000000083d00000| PB 0x0000000083c00000| Untracked 
|  61|0x0000000083d00000, 0x0000000083e00000, 0x0000000083e00000|100%| O|  |TAMS 0x0000000083e00000| PB 0x0000000083d00000| Untracked 
|  62|0x0000000083e00000, 0x0000000083f00000, 0x0000000083f00000|100%| O|  |TAMS 0x0000000083f00000| PB 0x0000000083e00000| Untracked 
|  63|0x0000000083f00000, 0x0000000084000000, 0x0000000084000000|100%| O|  |TAMS 0x0000000084000000| PB 0x0000000083f00000| Untracked 
|  64|0x0000000084000000, 0x0000000084100000, 0x0000000084100000|100%| O|  |TAMS 0x0000000084100000| PB 0x0000000084000000| Untracked 
|  65|0x0000000084100000, 0x0000000084200000, 0x0000000084200000|100%|HS|  |TAMS 0x0000000084200000| PB 0x0000000084100000| Complete 
|  66|0x0000000084200000, 0x0000000084300000, 0x0000000084300000|100%| O|  |TAMS 0x0000000084300000| PB 0x0000000084200000| Untracked 
|  67|0x0000000084300000, 0x0000000084400000, 0x0000000084400000|100%| O|  |TAMS 0x0000000084400000| PB 0x0000000084300000| Untracked 
|  68|0x0000000084400000, 0x0000000084500000, 0x0000000084500000|100%| O|  |TAMS 0x0000000084500000| PB 0x0000000084400000| Untracked 
|  69|0x0000000084500000, 0x0000000084600000, 0x0000000084600000|100%| O|  |TAMS 0x0000000084600000| PB 0x0000000084500000| Untracked 
|  70|0x0000000084600000, 0x0000000084700000, 0x0000000084700000|100%| O|  |TAMS 0x0000000084700000| PB 0x0000000084600000| Untracked 
|  71|0x0000000084700000, 0x0000000084800000, 0x0000000084800000|100%| O|  |TAMS 0x0000000084800000| PB 0x0000000084700000| Untracked 
|  72|0x0000000084800000, 0x0000000084900000, 0x0000000084900000|100%| O|  |TAMS 0x0000000084900000| PB 0x0000000084800000| Untracked 
|  73|0x0000000084900000, 0x0000000084a00000, 0x0000000084a00000|100%| O|  |TAMS 0x0000000084a00000| PB 0x0000000084900000| Untracked 
|  74|0x0000000084a00000, 0x0000000084b00000, 0x0000000084b00000|100%| O|  |TAMS 0x0000000084b00000| PB 0x0000000084a00000| Untracked 
|  75|0x0000000084b00000, 0x0000000084c00000, 0x0000000084c00000|100%| O|  |TAMS 0x0000000084c00000| PB 0x0000000084b00000| Untracked 
|  76|0x0000000084c00000, 0x0000000084d00000, 0x0000000084d00000|100%| O|  |TAMS 0x0000000084d00000| PB 0x0000000084c00000| Untracked 
|  77|0x0000000084d00000, 0x0000000084e00000, 0x0000000084e00000|100%| O|  |TAMS 0x0000000084e00000| PB 0x0000000084d00000| Untracked 
|  78|0x0000000084e00000, 0x0000000084f00000, 0x0000000084f00000|100%| O|  |TAMS 0x0000000084f00000| PB 0x0000000084e00000| Untracked 
|  79|0x0000000084f00000, 0x0000000085000000, 0x0000000085000000|100%| O|  |TAMS 0x0000000085000000| PB 0x0000000084f00000| Untracked 
|  80|0x0000000085000000, 0x0000000085100000, 0x0000000085100000|100%| O|  |TAMS 0x0000000085100000| PB 0x0000000085000000| Untracked 
|  81|0x0000000085100000, 0x0000000085200000, 0x0000000085200000|100%| O|  |TAMS 0x0000000085200000| PB 0x0000000085100000| Untracked 
|  82|0x0000000085200000, 0x0000000085300000, 0x0000000085300000|100%| O|  |TAMS 0x0000000085300000| PB 0x0000000085200000| Untracked 
|  83|0x0000000085300000, 0x0000000085400000, 0x0000000085400000|100%| O|  |TAMS 0x0000000085400000| PB 0x0000000085300000| Untracked 
|  84|0x0000000085400000, 0x0000000085500000, 0x0000000085500000|100%| O|  |TAMS 0x00000000854729a0| PB 0x0000000085400000| Untracked 
|  85|0x0000000085500000, 0x0000000085600000, 0x0000000085600000|100%| O|  |TAMS 0x0000000085500000| PB 0x0000000085500000| Untracked 
|  86|0x0000000085600000, 0x0000000085700000, 0x0000000085700000|100%| O|  |TAMS 0x0000000085600000| PB 0x0000000085600000| Untracked 
|  87|0x0000000085700000, 0x0000000085800000, 0x0000000085800000|100%| O|  |TAMS 0x0000000085700000| PB 0x0000000085700000| Untracked 
|  88|0x0000000085800000, 0x0000000085900000, 0x0000000085900000|100%| O|  |TAMS 0x0000000085800000| PB 0x0000000085800000| Untracked 
|  89|0x0000000085900000, 0x0000000085a00000, 0x0000000085a00000|100%| O|  |TAMS 0x0000000085900000| PB 0x0000000085900000| Untracked 
|  90|0x0000000085a00000, 0x0000000085b00000, 0x0000000085b00000|100%| O|  |TAMS 0x0000000085a00000| PB 0x0000000085a00000| Untracked 
|  91|0x0000000085b00000, 0x0000000085b9af68, 0x0000000085c00000| 60%| O|  |TAMS 0x0000000085b00000| PB 0x0000000085b00000| Untracked 
|  92|0x0000000085c00000, 0x0000000085c00000, 0x0000000085d00000|  0%| F|  |TAMS 0x0000000085c00000| PB 0x0000000085c00000| Untracked 
|  93|0x0000000085d00000, 0x0000000085d00000, 0x0000000085e00000|  0%| F|  |TAMS 0x0000000085d00000| PB 0x0000000085d00000| Untracked 
|  94|0x0000000085e00000, 0x0000000085e00000, 0x0000000085f00000|  0%| F|  |TAMS 0x0000000085e00000| PB 0x0000000085e00000| Untracked 
|  95|0x0000000085f00000, 0x0000000085f00000, 0x0000000086000000|  0%| F|  |TAMS 0x0000000085f00000| PB 0x0000000085f00000| Untracked 
|  96|0x0000000086000000, 0x0000000086000000, 0x0000000086100000|  0%| F|  |TAMS 0x0000000086000000| PB 0x0000000086000000| Untracked 
|  97|0x0000000086100000, 0x0000000086100000, 0x0000000086200000|  0%| F|  |TAMS 0x0000000086100000| PB 0x0000000086100000| Untracked 
|  98|0x0000000086200000, 0x0000000086200000, 0x0000000086300000|  0%| F|  |TAMS 0x0000000086200000| PB 0x0000000086200000| Untracked 
|  99|0x0000000086300000, 0x0000000086300000, 0x0000000086400000|  0%| F|  |TAMS 0x0000000086300000| PB 0x0000000086300000| Untracked 
| 100|0x0000000086400000, 0x0000000086400000, 0x0000000086500000|  0%| F|  |TAMS 0x0000000086400000| PB 0x0000000086400000| Untracked 
| 101|0x0000000086500000, 0x0000000086500000, 0x0000000086600000|  0%| F|  |TAMS 0x0000000086500000| PB 0x0000000086500000| Untracked 
| 102|0x0000000086600000, 0x0000000086600000, 0x0000000086700000|  0%| F|  |TAMS 0x0000000086600000| PB 0x0000000086600000| Untracked 
| 103|0x0000000086700000, 0x0000000086700000, 0x0000000086800000|  0%| F|  |TAMS 0x0000000086700000| PB 0x0000000086700000| Untracked 
| 104|0x0000000086800000, 0x0000000086800000, 0x0000000086900000|  0%| F|  |TAMS 0x0000000086800000| PB 0x0000000086800000| Untracked 
| 105|0x0000000086900000, 0x0000000086900000, 0x0000000086a00000|  0%| F|  |TAMS 0x0000000086900000| PB 0x0000000086900000| Untracked 
| 106|0x0000000086a00000, 0x0000000086a00000, 0x0000000086b00000|  0%| F|  |TAMS 0x0000000086a00000| PB 0x0000000086a00000| Untracked 
| 107|0x0000000086b00000, 0x0000000086b00000, 0x0000000086c00000|  0%| F|  |TAMS 0x0000000086b00000| PB 0x0000000086b00000| Untracked 
| 108|0x0000000086c00000, 0x0000000086c00000, 0x0000000086d00000|  0%| F|  |TAMS 0x0000000086c00000| PB 0x0000000086c00000| Untracked 
| 109|0x0000000086d00000, 0x0000000086d00000, 0x0000000086e00000|  0%| F|  |TAMS 0x0000000086d00000| PB 0x0000000086d00000| Untracked 
| 110|0x0000000086e00000, 0x0000000086e00000, 0x0000000086f00000|  0%| F|  |TAMS 0x0000000086e00000| PB 0x0000000086e00000| Untracked 
| 111|0x0000000086f00000, 0x0000000086f00000, 0x0000000087000000|  0%| F|  |TAMS 0x0000000086f00000| PB 0x0000000086f00000| Untracked 
| 112|0x0000000087000000, 0x0000000087100000, 0x0000000087100000|100%| S|CS|TAMS 0x0000000087000000| PB 0x0000000087000000| Complete 
| 113|0x0000000087100000, 0x0000000087200000, 0x0000000087200000|100%| S|CS|TAMS 0x0000000087100000| PB 0x0000000087100000| Complete 
| 220|0x000000008dc00000, 0x000000008dd00000, 0x000000008dd00000|100%| S|CS|TAMS 0x000000008dc00000| PB 0x000000008dc00000| Complete 
| 221|0x000000008dd00000, 0x000000008dd00000, 0x000000008de00000|  0%| F|  |TAMS 0x000000008dd00000| PB 0x000000008dd00000| Untracked 
| 222|0x000000008de00000, 0x000000008de00000, 0x000000008df00000|  0%| F|  |TAMS 0x000000008de00000| PB 0x000000008de00000| Untracked 
| 223|0x000000008df00000, 0x000000008df00000, 0x000000008e000000|  0%| F|  |TAMS 0x000000008df00000| PB 0x000000008df00000| Untracked 
| 224|0x000000008e000000, 0x000000008e000000, 0x000000008e100000|  0%| F|  |TAMS 0x000000008e000000| PB 0x000000008e000000| Untracked 
| 225|0x000000008e100000, 0x000000008e100000, 0x000000008e200000|  0%| F|  |TAMS 0x000000008e100000| PB 0x000000008e100000| Untracked 
| 226|0x000000008e200000, 0x000000008e200000, 0x000000008e300000|  0%| F|  |TAMS 0x000000008e200000| PB 0x000000008e200000| Untracked 
| 227|0x000000008e300000, 0x000000008e300000, 0x000000008e400000|  0%| F|  |TAMS 0x000000008e300000| PB 0x000000008e300000| Untracked 
| 228|0x000000008e400000, 0x000000008e400000, 0x000000008e500000|  0%| F|  |TAMS 0x000000008e400000| PB 0x000000008e400000| Untracked 
| 253|0x000000008fd00000, 0x000000008fd00000, 0x000000008fe00000|  0%| F|  |TAMS 0x000000008fd00000| PB 0x000000008fd00000| Untracked 
|2037|0x00000000ff500000, 0x00000000ff500000, 0x00000000ff600000|  0%| F|  |TAMS 0x00000000ff500000| PB 0x00000000ff500000| Untracked 
|2038|0x00000000ff600000, 0x00000000ff600000, 0x00000000ff700000|  0%| F|  |TAMS 0x00000000ff600000| PB 0x00000000ff600000| Untracked 
|2039|0x00000000ff700000, 0x00000000ff800000, 0x00000000ff800000|100%| O|  |TAMS 0x00000000ff800000| PB 0x00000000ff700000| Untracked 
|2040|0x00000000ff800000, 0x00000000ff900000, 0x00000000ff900000|100%| O|  |TAMS 0x00000000ff900000| PB 0x00000000ff800000| Untracked 
|2041|0x00000000ff900000, 0x00000000ffa00000, 0x00000000ffa00000|100%| O|  |TAMS 0x00000000ffa00000| PB 0x00000000ff900000| Untracked 
|2042|0x00000000ffa00000, 0x00000000ffb00000, 0x00000000ffb00000|100%| O|  |TAMS 0x00000000ffb00000| PB 0x00000000ffa00000| Untracked 
|2043|0x00000000ffb00000, 0x00000000ffc00000, 0x00000000ffc00000|100%| O|  |TAMS 0x00000000ffc00000| PB 0x00000000ffb00000| Untracked 
|2044|0x00000000ffc00000, 0x00000000ffd00000, 0x00000000ffd00000|100%| O|  |TAMS 0x00000000ffd00000| PB 0x00000000ffc00000| Untracked 
|2045|0x00000000ffd00000, 0x00000000ffe00000, 0x00000000ffe00000|100%| O|  |TAMS 0x00000000ffe00000| PB 0x00000000ffd00000| Untracked 
|2046|0x00000000ffe00000, 0x00000000fff00000, 0x00000000fff00000|100%| O|  |TAMS 0x00000000fff00000| PB 0x00000000ffe00000| Untracked 
|2047|0x00000000fff00000, 0x0000000100000000, 0x0000000100000000|100%| O|  |TAMS 0x0000000100000000| PB 0x00000000fff00000| Untracked 

Card table byte_map: [0x000001f9e7370000,0x000001f9e7770000] _byte_map_base: 0x000001f9e6f70000

Marking Bits: (CMBitMap*) 0x000001f9d4314090
 Bits: [0x000001f9e7770000, 0x000001f9e9770000)

Polling page: 0x000001f9d2c40000

Metaspace:

Usage:
  Non-class:     49.14 MB used.
      Class:      7.74 MB used.
       Both:     56.88 MB used.

Virtual space:
  Non-class space:       64.00 MB reserved,      49.88 MB ( 78%) committed,  1 nodes.
      Class space:        1.00 GB reserved,       8.50 MB ( <1%) committed,  1 nodes.
             Both:        1.06 GB reserved,      58.38 MB (  5%) committed. 

Chunk freelists:
   Non-Class:  13.39 MB
       Class:  7.36 MB
        Both:  20.75 MB

MaxMetaspaceSize: unlimited
CompressedClassSpaceSize: 1.00 GB
Initial GC threshold: 21.00 MB
Current GC threshold: 97.19 MB
CDS: off
 - commit_granule_bytes: 65536.
 - commit_granule_words: 8192.
 - virtual_space_node_default_size: 8388608.
 - enlarge_chunks_in_place: 1.
 - use_allocation_guard: 0.


Internal statistics:

num_allocs_failed_limit: 6.
num_arena_births: 2740.
num_arena_deaths: 0.
num_vsnodes_births: 2.
num_vsnodes_deaths: 0.
num_space_committed: 934.
num_space_uncommitted: 0.
num_chunks_returned_to_freelist: 6.
num_chunks_taken_from_freelist: 5091.
num_chunk_merges: 6.
num_chunk_splits: 3239.
num_chunks_enlarged: 1959.
num_inconsistent_stats: 0.

CodeHeap 'non-profiled nmethods': size=120000Kb used=2979Kb max_used=2979Kb free=117020Kb
 bounds [0x000001f9defe0000, 0x000001f9df2e0000, 0x000001f9e6510000]
CodeHeap 'profiled nmethods': size=120000Kb used=10319Kb max_used=10369Kb free=109681Kb
 bounds [0x000001f9d7510000, 0x000001f9d7f50000, 0x000001f9dea40000]
CodeHeap 'non-nmethods': size=5760Kb used=2705Kb max_used=2783Kb free=3055Kb
 bounds [0x000001f9dea40000, 0x000001f9ded20000, 0x000001f9defe0000]
 total_blobs=6200 nmethods=5343 adapters=759
 compilation: enabled
              stopped_count=0, restarted_count=0
 full_count=0

Compilation events (20 events):
Event: 11.308 Thread 0x000001f9ec41c570 6332       3       org.objectweb.asm.ByteVector::encodeUtf8 (337 bytes)
Event: 11.309 Thread 0x000001f9ec41c570 nmethod 6332 0x000001f9d7bbac10 code [0x000001f9d7bbaf00, 0x000001f9d7bbc068]
Event: 11.309 Thread 0x000001f9ec41c570 6333       2       org.objectweb.asm.MethodWriter::visitAnnotation (40 bytes)
Event: 11.309 Thread 0x000001f9ec41c570 nmethod 6333 0x000001f9d7c68310 code [0x000001f9d7c684e0, 0x000001f9d7c68730]
Event: 11.309 Thread 0x000001f9ec41c570 6329       2       com.google.common.collect.ImmutableList::builderWithExpectedSize (16 bytes)
Event: 11.309 Thread 0x000001f9ec41c570 nmethod 6329 0x000001f9d763d890 code [0x000001f9d763da40, 0x000001f9d763dc88]
Event: 11.309 Thread 0x000001f9ec41c570 6334       3       org.gradle.internal.serialize.MapSerializer::read (68 bytes)
Event: 11.310 Thread 0x000001f9ec41c570 nmethod 6334 0x000001f9d763cc10 code [0x000001f9d763ce40, 0x000001f9d763d4b0]
Event: 11.310 Thread 0x000001f9ec41c570 6335       2       org.apache.commons.compress.archivers.zip.ZipEncodingHelper::isUTF8Alias (44 bytes)
Event: 11.310 Thread 0x000001f9ec41c570 nmethod 6335 0x000001f9d7b74a90 code [0x000001f9d7b74ca0, 0x000001f9d7b74fe8]
Event: 11.310 Thread 0x000001f9ec41c570 6336       2       org.objectweb.asm.MethodWriter::visitParameterAnnotation (90 bytes)
Event: 11.310 Thread 0x000001f9ec41c570 nmethod 6336 0x000001f9d7b74090 code [0x000001f9d7b742a0, 0x000001f9d7b74878]
Event: 11.313 Thread 0x000001f9f66dcbf0 nmethod 6310 0x000001f9df178d10 code [0x000001f9df178f00, 0x000001f9df1795f0]
Event: 11.313 Thread 0x000001f9f66dcbf0 6116       4       org.objectweb.asm.ClassReader::readUtf (44 bytes)
Event: 11.313 Thread 0x000001f9ec41c570 6337       3       org.gradle.api.internal.cache.StringInterner::intern (9 bytes)
Event: 11.313 Thread 0x000001f9ec41c570 nmethod 6337 0x000001f9d777f210 code [0x000001f9d777f3e0, 0x000001f9d777f808]
Event: 11.313 Thread 0x000001f9ec41c570 6338       2       org.objectweb.asm.ClassWriter::visitAnnotation (40 bytes)
Event: 11.314 Thread 0x000001f9ec41c570 nmethod 6338 0x000001f9d777ed10 code [0x000001f9d777eee0, 0x000001f9d777f120]
Event: 11.315 Thread 0x000001f9f66dcbf0 nmethod 6116 0x000001f9df13ad90 code [0x000001f9df13af40, 0x000001f9df13b280]
Event: 11.315 Thread 0x000001f9f66dcbf0 6339       4       org.objectweb.asm.ByteVector::putInt (74 bytes)

GC Heap History (20 events):
Event: 8.337 GC heap after
{Heap after GC invocations=11 (full 0):
 garbage-first heap   total 82944K, used 44274K [0x0000000080000000, 0x0000000100000000)
  region size 1024K, 4 young (4096K), 4 survivors (4096K)
 Metaspace       used 42892K, committed 44160K, reserved 1114112K
  class space    used 5962K, committed 6592K, reserved 1048576K
}
Event: 8.723 GC heap before
{Heap before GC invocations=11 (full 0):
 garbage-first heap   total 82944K, used 71922K [0x0000000080000000, 0x0000000100000000)
  region size 1024K, 32 young (32768K), 4 survivors (4096K)
 Metaspace       used 48977K, committed 50304K, reserved 1114112K
  class space    used 6634K, committed 7296K, reserved 1048576K
}
Event: 8.728 GC heap after
{Heap after GC invocations=12 (full 0):
 garbage-first heap   total 82944K, used 47576K [0x0000000080000000, 0x0000000100000000)
  region size 1024K, 4 young (4096K), 4 survivors (4096K)
 Metaspace       used 48977K, committed 50304K, reserved 1114112K
  class space    used 6634K, committed 7296K, reserved 1048576K
}
Event: 8.915 GC heap before
{Heap before GC invocations=13 (full 0):
 garbage-first heap   total 82944K, used 72152K [0x0000000080000000, 0x0000000100000000)
  region size 1024K, 29 young (29696K), 4 survivors (4096K)
 Metaspace       used 49593K, committed 50944K, reserved 1114112K
  class space    used 6703K, committed 7360K, reserved 1048576K
}
Event: 8.920 GC heap after
{Heap after GC invocations=14 (full 0):
 garbage-first heap   total 82944K, used 50369K [0x0000000080000000, 0x0000000100000000)
  region size 1024K, 3 young (3072K), 3 survivors (3072K)
 Metaspace       used 49593K, committed 50944K, reserved 1114112K
  class space    used 6703K, committed 7360K, reserved 1048576K
}
Event: 9.297 GC heap before
{Heap before GC invocations=14 (full 0):
 garbage-first heap   total 82944K, used 78017K [0x0000000080000000, 0x0000000100000000)
  region size 1024K, 26 young (26624K), 3 survivors (3072K)
 Metaspace       used 53130K, committed 54528K, reserved 1114112K
  class space    used 7130K, committed 7808K, reserved 1048576K
}
Event: 9.300 GC heap after
{Heap after GC invocations=15 (full 0):
 garbage-first heap   total 104448K, used 51749K [0x0000000080000000, 0x0000000100000000)
  region size 1024K, 2 young (2048K), 2 survivors (2048K)
 Metaspace       used 53130K, committed 54528K, reserved 1114112K
  class space    used 7130K, committed 7808K, reserved 1048576K
}
Event: 10.591 GC heap before
{Heap before GC invocations=15 (full 0):
 garbage-first heap   total 104448K, used 79397K [0x0000000080000000, 0x0000000100000000)
  region size 1024K, 30 young (30720K), 2 survivors (2048K)
 Metaspace       used 56249K, committed 57792K, reserved 1114112K
  class space    used 7655K, committed 8448K, reserved 1048576K
}
Event: 10.594 GC heap after
{Heap after GC invocations=16 (full 0):
 garbage-first heap   total 104448K, used 53214K [0x0000000080000000, 0x0000000100000000)
  region size 1024K, 4 young (4096K), 4 survivors (4096K)
 Metaspace       used 56249K, committed 57792K, reserved 1114112K
  class space    used 7655K, committed 8448K, reserved 1048576K
}
Event: 10.862 GC heap before
{Heap before GC invocations=17 (full 0):
 garbage-first heap   total 104448K, used 93150K [0x0000000080000000, 0x0000000100000000)
  region size 1024K, 42 young (43008K), 4 survivors (4096K)
 Metaspace       used 57695K, committed 59264K, reserved 1114112K
  class space    used 7884K, committed 8640K, reserved 1048576K
}
Event: 10.869 GC heap after
{Heap after GC invocations=18 (full 0):
 garbage-first heap   total 106496K, used 62499K [0x0000000080000000, 0x0000000100000000)
  region size 1024K, 6 young (6144K), 6 survivors (6144K)
 Metaspace       used 57695K, committed 59264K, reserved 1114112K
  class space    used 7884K, committed 8640K, reserved 1048576K
}
Event: 10.976 GC heap before
{Heap before GC invocations=18 (full 0):
 garbage-first heap   total 106496K, used 92195K [0x0000000080000000, 0x0000000100000000)
  region size 1024K, 36 young (36864K), 6 survivors (6144K)
 Metaspace       used 58122K, committed 59712K, reserved 1114112K
  class space    used 7925K, committed 8704K, reserved 1048576K
}
Event: 10.989 GC heap after
{Heap after GC invocations=19 (full 0):
 garbage-first heap   total 113664K, used 74353K [0x0000000080000000, 0x0000000100000000)
  region size 1024K, 5 young (5120K), 5 survivors (5120K)
 Metaspace       used 58122K, committed 59712K, reserved 1114112K
  class space    used 7925K, committed 8704K, reserved 1048576K
}
Event: 11.058 GC heap before
{Heap before GC invocations=19 (full 0):
 garbage-first heap   total 113664K, used 91761K [0x0000000080000000, 0x0000000100000000)
  region size 1024K, 24 young (24576K), 5 survivors (5120K)
 Metaspace       used 58168K, committed 59712K, reserved 1114112K
  class space    used 7925K, committed 8704K, reserved 1048576K
}
Event: 11.065 GC heap after
{Heap after GC invocations=20 (full 0):
 garbage-first heap   total 113664K, used 80517K [0x0000000080000000, 0x0000000100000000)
  region size 1024K, 4 young (4096K), 4 survivors (4096K)
 Metaspace       used 58168K, committed 59712K, reserved 1114112K
  class space    used 7925K, committed 8704K, reserved 1048576K
}
Event: 11.173 GC heap before
{Heap before GC invocations=21 (full 0):
 garbage-first heap   total 138240K, used 100997K [0x0000000080000000, 0x0000000100000000)
  region size 1024K, 22 young (22528K), 4 survivors (4096K)
 Metaspace       used 58201K, committed 59776K, reserved 1114112K
  class space    used 7925K, committed 8704K, reserved 1048576K
}
Event: 11.182 GC heap after
{Heap after GC invocations=22 (full 0):
 garbage-first heap   total 138240K, used 91102K [0x0000000080000000, 0x0000000100000000)
  region size 1024K, 3 young (3072K), 3 survivors (3072K)
 Metaspace       used 58201K, committed 59776K, reserved 1114112K
  class space    used 7925K, committed 8704K, reserved 1048576K
}
Event: 11.275 GC heap before
{Heap before GC invocations=22 (full 0):
 garbage-first heap   total 138240K, used 114654K [0x0000000080000000, 0x0000000100000000)
  region size 1024K, 27 young (27648K), 3 survivors (3072K)
 Metaspace       used 58234K, committed 59776K, reserved 1114112K
  class space    used 7925K, committed 8704K, reserved 1048576K
}
Event: 11.285 GC heap after
{Heap after GC invocations=23 (full 0):
 garbage-first heap   total 138240K, used 99786K [0x0000000080000000, 0x0000000100000000)
  region size 1024K, 4 young (4096K), 4 survivors (4096K)
 Metaspace       used 58234K, committed 59776K, reserved 1114112K
  class space    used 7925K, committed 8704K, reserved 1048576K
}
Event: 11.315 GC heap before
{Heap before GC invocations=23 (full 0):
 garbage-first heap   total 138240K, used 110026K [0x0000000080000000, 0x0000000100000000)
  region size 1024K, 15 young (15360K), 4 survivors (4096K)
 Metaspace       used 58242K, committed 59776K, reserved 1114112K
  class space    used 7925K, committed 8704K, reserved 1048576K
}

Dll operation events (3 events):
Event: 0.007 Loaded shared library C:\Program Files\Android\Android Studio\jbr\bin\java.dll
Event: 0.012 Loaded shared library C:\Program Files\Android\Android Studio\jbr\bin\zip.dll
Event: 0.467 Loaded shared library C:\Program Files\Android\Android Studio\jbr\bin\verify.dll

Deoptimization events (20 events):
Event: 11.218 Thread 0x000001f9f5c80ee0 DEOPT PACKING pc=0x000001f9df1dbbe0 sp=0x000000d4e3bfa7c0
Event: 11.218 Thread 0x000001f9f5c80ee0 DEOPT UNPACKING pc=0x000001f9dea946a2 sp=0x000000d4e3bfa758 mode 2
Event: 11.222 Thread 0x000001f9f5c801c0 DEOPT PACKING pc=0x000001f9d7ecc3b7 sp=0x000000d4e39fa740
Event: 11.222 Thread 0x000001f9f5c801c0 DEOPT UNPACKING pc=0x000001f9dea94e42 sp=0x000000d4e39f9c70 mode 0
Event: 11.242 Thread 0x000001f9f5c801c0 Uncommon trap: trap_request=0xffffff45 fr.pc=0x000001f9df258578 relative=0x0000000000000cf8
Event: 11.242 Thread 0x000001f9f5c801c0 Uncommon trap: reason=unstable_if action=reinterpret pc=0x000001f9df258578 method=org.objectweb.asm.ByteVector.putUTF8(Ljava/lang/String;)Lorg/objectweb/asm/ByteVector; @ 100 c2
Event: 11.242 Thread 0x000001f9f5c801c0 DEOPT PACKING pc=0x000001f9df258578 sp=0x000000d4e39f9b80
Event: 11.242 Thread 0x000001f9f5c801c0 DEOPT UNPACKING pc=0x000001f9dea946a2 sp=0x000000d4e39f9ac8 mode 2
Event: 11.300 Thread 0x000001f9f5c801c0 Uncommon trap: trap_request=0xffffff3d fr.pc=0x000001f9df1b50e8 relative=0x0000000000000288
Event: 11.300 Thread 0x000001f9f5c801c0 Uncommon trap: reason=unstable_fused_if action=reinterpret pc=0x000001f9df1b50e8 method=org.objectweb.asm.ByteVector.putUTF8(Ljava/lang/String;)Lorg/objectweb/asm/ByteVector; @ 93 c2
Event: 11.300 Thread 0x000001f9f5c801c0 DEOPT PACKING pc=0x000001f9df1b50e8 sp=0x000000d4e39f9b20
Event: 11.300 Thread 0x000001f9f5c801c0 DEOPT UNPACKING pc=0x000001f9dea946a2 sp=0x000000d4e39f9ab0 mode 2
Event: 11.306 Thread 0x000001f9f5c801c0 DEOPT PACKING pc=0x000001f9d76eb57d sp=0x000000d4e39f9c40
Event: 11.306 Thread 0x000001f9f5c801c0 DEOPT UNPACKING pc=0x000001f9dea94e42 sp=0x000000d4e39f9140 mode 0
Event: 11.308 Thread 0x000001f9f5c801c0 DEOPT PACKING pc=0x000001f9d7ec3a94 sp=0x000000d4e39f9d30
Event: 11.308 Thread 0x000001f9f5c801c0 DEOPT UNPACKING pc=0x000001f9dea94e42 sp=0x000000d4e39f9218 mode 0
Event: 11.312 Thread 0x000001f9f5c80ee0 Uncommon trap: trap_request=0xffffff45 fr.pc=0x000001f9df2c0150 relative=0x00000000000009d0
Event: 11.312 Thread 0x000001f9f5c80ee0 Uncommon trap: reason=unstable_if action=reinterpret pc=0x000001f9df2c0150 method=com.google.common.collect.MapMakerInternalMap$Segment.getEntry(Ljava/lang/Object;I)Lcom/google/common/collect/MapMakerInternalMap$InternalEntry; @ 63 c2
Event: 11.312 Thread 0x000001f9f5c80ee0 DEOPT PACKING pc=0x000001f9df2c0150 sp=0x000000d4e3bfa800
Event: 11.312 Thread 0x000001f9f5c80ee0 DEOPT UNPACKING pc=0x000001f9dea946a2 sp=0x000000d4e3bfa638 mode 2

Classes loaded (20 events):
Event: 10.754 Loading class java/nio/file/StandardCopyOption
Event: 10.754 Loading class java/nio/file/StandardCopyOption done
Event: 10.756 Loading class sun/nio/fs/WindowsFileCopy
Event: 10.756 Loading class sun/nio/fs/WindowsFileCopy done
Event: 10.829 Loading class java/nio/charset/UnsupportedCharsetException
Event: 10.829 Loading class java/nio/charset/UnsupportedCharsetException done
Event: 10.831 Loading class java/util/Collections$UnmodifiableSortedMap
Event: 10.832 Loading class java/util/Collections$UnmodifiableSortedMap done
Event: 10.832 Loading class java/util/zip/Deflater
Event: 10.833 Loading class java/util/zip/Deflater done
Event: 10.833 Loading class java/util/zip/Deflater$DeflaterZStreamRef
Event: 10.833 Loading class java/util/zip/Deflater$DeflaterZStreamRef done
Event: 10.837 Loading class java/util/zip/ZipFile$ZipEntryIterator
Event: 10.838 Loading class java/util/zip/ZipFile$ZipEntryIterator done
Event: 10.840 Loading class java/util/zip/ZipInputStream
Event: 10.840 Loading class java/util/zip/ZipInputStream done
Event: 10.884 Loading class java/nio/StringCharBuffer
Event: 10.884 Loading class java/nio/StringCharBuffer done
Event: 10.890 Loading class java/security/Key
Event: 10.890 Loading class java/security/Key done

Classes unloaded (0 events):
No events

Classes redefined (0 events):
No events

Internal exceptions (20 events):
Event: 10.598 Thread 0x000001f9f2da3720 Exception <a 'java/lang/ClassNotFoundException'{0x000000008fd4cdf8}: sun/misc/SharedSecrets> (0x000000008fd4cdf8) 
thrown [s\src\hotspot\share\classfile\systemDictionary.cpp, line 312]
Event: 10.598 Thread 0x000001f9f2da3720 Exception <a 'java/lang/ClassNotFoundException'{0x000000008fd4e140}: org/gradle/util/GradleVersionBeanInfo> (0x000000008fd4e140) 
thrown [s\src\hotspot\share\classfile\systemDictionary.cpp, line 312]
Event: 10.599 Thread 0x000001f9f2da3720 Exception <a 'java/lang/ClassNotFoundException'{0x000000008fd5e5e0}: org/gradle/util/GradleVersionCustomizer> (0x000000008fd5e5e0) 
thrown [s\src\hotspot\share\classfile\systemDictionary.cpp, line 312]
Event: 10.605 Thread 0x000001f9f2da3720 Exception <a 'java/lang/ClassNotFoundException'{0x000000008fda2ab8}: org/gradle/util/internal/DefaultGradleVersionBeanInfo> (0x000000008fda2ab8) 
thrown [s\src\hotspot\share\classfile\systemDictionary.cpp, line 312]
Event: 10.605 Thread 0x000001f9f2da3720 Exception <a 'java/lang/ClassNotFoundException'{0x000000008fdb3700}: org/gradle/util/internal/DefaultGradleVersionCustomizer> (0x000000008fdb3700) 
thrown [s\src\hotspot\share\classfile\systemDictionary.cpp, line 312]
Event: 10.615 Thread 0x000001f9f2da3720 Exception <a 'java/lang/ClassNotFoundException'{0x000000008e42a790}: org/gradle/invocation/DefaultGradle$DefaultGradleLifecycle_DecoratedBeanInfo> (0x000000008e42a790) 
thrown [s\src\hotspot\share\classfile\systemDictionary.cpp, line 312]
Event: 10.616 Thread 0x000001f9f2da3720 Exception <a 'java/lang/ClassNotFoundException'{0x000000008e43b520}: org/gradle/invocation/DefaultGradle$DefaultGradleLifecycleBeanInfo> (0x000000008e43b520) 
thrown [s\src\hotspot\share\classfile\systemDictionary.cpp, line 312]
Event: 10.616 Thread 0x000001f9f2da3720 Exception <a 'java/lang/ClassNotFoundException'{0x000000008e44c118}: org/gradle/invocation/DefaultGradle$DefaultGradleLifecycleCustomizer> (0x000000008e44c118) 
thrown [s\src\hotspot\share\classfile\systemDictionary.cpp, line 312]
Event: 10.617 Thread 0x000001f9f2da3720 Exception <a 'java/lang/ClassNotFoundException'{0x000000008e461440}: org/gradle/invocation/DefaultGradle$DefaultGradleLifecycle_DecoratedCustomizer> (0x000000008e461440) 
thrown [s\src\hotspot\share\classfile\systemDictionary.cpp, line 312]
Event: 10.642 Thread 0x000001f9f2da3720 Exception <a 'java/lang/ClassNotFoundException'{0x000000008e350b50}: ijInit1_5se16lsx7sp3imi96kn74tp7qBeanInfo> (0x000000008e350b50) 
thrown [s\src\hotspot\share\classfile\systemDictionary.cpp, line 312]
Event: 10.642 Thread 0x000001f9f2da3720 Exception <a 'java/lang/ClassNotFoundException'{0x000000008e3576a0}: ijInit1_5se16lsx7sp3imi96kn74tp7qCustomizer> (0x000000008e3576a0) 
thrown [s\src\hotspot\share\classfile\systemDictionary.cpp, line 312]
Event: 10.649 Thread 0x000001f9f2da3720 Exception <a 'java/lang/ClassNotFoundException'{0x000000008e39a570}: ijInit1_5se16lsx7sp3imi96kn74tp7q$_run_closure1BeanInfo> (0x000000008e39a570) 
thrown [s\src\hotspot\share\classfile\systemDictionary.cpp, line 312]
Event: 10.649 Thread 0x000001f9f2da3720 Exception <a 'java/lang/ClassNotFoundException'{0x000000008e3a1930}: ijInit1_5se16lsx7sp3imi96kn74tp7q$_run_closure1Customizer> (0x000000008e3a1930) 
thrown [s\src\hotspot\share\classfile\systemDictionary.cpp, line 312]
Event: 10.717 Thread 0x000001f9f5c80ee0 Exception <a 'java/lang/IncompatibleClassChangeError'{0x000000008def1280}: Found class java.lang.Object, but interface was expected> (0x000000008def1280) 
thrown [s\src\hotspot\share\interpreter\linkResolver.cpp, line 851]
Event: 10.717 Thread 0x000001f9f5c801c0 Exception <a 'java/lang/IncompatibleClassChangeError'{0x000000008de67cd8}: Found class java.lang.Object, but interface was expected> (0x000000008de67cd8) 
thrown [s\src\hotspot\share\interpreter\linkResolver.cpp, line 851]
Event: 10.739 Thread 0x000001f9f5c801c0 Exception <a 'java/lang/NoSuchMethodError'{0x00000000859111b8}: 'void java.lang.invoke.DirectMethodHandle$Holder.invokeVirtual(java.lang.Object, java.lang.Object)'> (0x00000000859111b8) 
thrown [s\src\hotspot\share\interpreter\linkResolver.cpp, line 784]
Event: 10.756 Thread 0x000001f9f5c7fb30 Exception <a 'sun/nio/fs/WindowsException'{0x000000008572e358}> (0x000000008572e358) 
thrown [s\src\hotspot\share\prims\jni.cpp, line 535]
Event: 10.776 Thread 0x000001f9f5c801c0 Exception <a 'java/lang/NoSuchMethodError'{0x0000000085411220}: 'void java.lang.invoke.DirectMethodHandle$Holder.invokeStaticInit(java.lang.Object, java.lang.Object, java.lang.Object, java.lang.Object, java.lang.Object, java.lang.Object, java.lang.Object, int)'> (0x0000000085411220) 
thrown [s\src\hotspot\share\interpreter\linkResolver.cpp, line 784]
Event: 10.815 Thread 0x000001f9f5c801c0 Exception <a 'sun/nio/fs/WindowsException'{0x0000000084affa60}> (0x0000000084affa60) 
thrown [s\src\hotspot\share\prims\jni.cpp, line 535]
Event: 10.839 Thread 0x000001f9f5c801c0 Implicit null exception at 0x000001f9df04f3ef to 0x000001f9df04fff4

ZGC Phase Switch (0 events):
No events

VM Operations (20 events):
Event: 10.763 Executing VM operation: ICBufferFull done
Event: 10.859 Executing VM operation: HandshakeAllThreads (Deoptimize)
Event: 10.859 Executing VM operation: HandshakeAllThreads (Deoptimize) done
Event: 10.862 Executing VM operation: G1CollectForAllocation (G1 Evacuation Pause)
Event: 10.869 Executing VM operation: G1CollectForAllocation (G1 Evacuation Pause) done
Event: 10.885 Executing VM operation: HandshakeAllThreads (Deoptimize)
Event: 10.885 Executing VM operation: HandshakeAllThreads (Deoptimize) done
Event: 10.976 Executing VM operation: G1CollectForAllocation (G1 Evacuation Pause)
Event: 10.989 Executing VM operation: G1CollectForAllocation (G1 Evacuation Pause) done
Event: 11.040 Executing VM operation: G1TryInitiateConcMark (G1 Humongous Allocation)
Event: 11.065 Executing VM operation: G1TryInitiateConcMark (G1 Humongous Allocation) done
Event: 11.122 Executing VM operation: G1PauseRemark
Event: 11.125 Executing VM operation: G1PauseRemark done
Event: 11.156 Executing VM operation: G1PauseCleanup
Event: 11.157 Executing VM operation: G1PauseCleanup done
Event: 11.173 Executing VM operation: G1CollectForAllocation (G1 Evacuation Pause)
Event: 11.182 Executing VM operation: G1CollectForAllocation (G1 Evacuation Pause) done
Event: 11.275 Executing VM operation: G1CollectForAllocation (G1 Evacuation Pause)
Event: 11.285 Executing VM operation: G1CollectForAllocation (G1 Evacuation Pause) done
Event: 11.315 Executing VM operation: G1TryInitiateConcMark (G1 Humongous Allocation)

Memory protections (0 events):
No events

Nmethod flushes (20 events):
Event: 11.124 Thread 0x000001f9ec3ae9f0 flushing  nmethod 0x000001f9d756e090
Event: 11.124 Thread 0x000001f9ec3ae9f0 flushing  nmethod 0x000001f9d7644890
Event: 11.124 Thread 0x000001f9ec3ae9f0 flushing  nmethod 0x000001f9d7646190
Event: 11.124 Thread 0x000001f9ec3ae9f0 flushing  nmethod 0x000001f9d7661f10
Event: 11.124 Thread 0x000001f9ec3ae9f0 flushing  nmethod 0x000001f9d76a0490
Event: 11.124 Thread 0x000001f9ec3ae9f0 flushing  nmethod 0x000001f9d76e3410
Event: 11.124 Thread 0x000001f9ec3ae9f0 flushing  nmethod 0x000001f9d76e4510
Event: 11.124 Thread 0x000001f9ec3ae9f0 flushing  nmethod 0x000001f9d76ea910
Event: 11.124 Thread 0x000001f9ec3ae9f0 flushing  nmethod 0x000001f9d76ead10
Event: 11.124 Thread 0x000001f9ec3ae9f0 flushing  nmethod 0x000001f9d7718290
Event: 11.124 Thread 0x000001f9ec3ae9f0 flushing  nmethod 0x000001f9d771aa10
Event: 11.124 Thread 0x000001f9ec3ae9f0 flushing  nmethod 0x000001f9d7be1890
Event: 11.124 Thread 0x000001f9ec3ae9f0 flushing  nmethod 0x000001f9d7be2d90
Event: 11.124 Thread 0x000001f9ec3ae9f0 flushing  nmethod 0x000001f9d7be3390
Event: 11.124 Thread 0x000001f9ec3ae9f0 flushing  nmethod 0x000001f9d7be6f90
Event: 11.124 Thread 0x000001f9ec3ae9f0 flushing  nmethod 0x000001f9d7c24f90
Event: 11.124 Thread 0x000001f9ec3ae9f0 flushing  nmethod 0x000001f9d7c65790
Event: 11.124 Thread 0x000001f9ec3ae9f0 flushing  nmethod 0x000001f9d7c68010
Event: 11.124 Thread 0x000001f9ec3ae9f0 flushing  nmethod 0x000001f9d7c6a910
Event: 11.124 Thread 0x000001f9ec3ae9f0 flushing  nmethod 0x000001f9d7c9b190

Events (20 events):
Event: 9.711 Thread 0x000001f9f2da3720 Thread added: 0x000001f9f497d030
Event: 9.712 Thread 0x000001f9f2da3720 Thread added: 0x000001f9f497af60
Event: 10.337 Thread 0x000001f9f48b6010 Thread exited: 0x000001f9f48b6010
Event: 10.370 Thread 0x000001f9f2da3030 Thread exited: 0x000001f9f2da3030
Event: 10.661 Thread 0x000001f9f2da3720 Thread added: 0x000001f9f4980b40
Event: 10.662 Thread 0x000001f9f2da3720 Thread added: 0x000001f9f497f790
Event: 10.662 Thread 0x000001f9f2da3720 Thread added: 0x000001f9f497e3e0
Event: 10.663 Thread 0x000001f9f2da3720 Thread added: 0x000001f9f497f100
Event: 10.663 Thread 0x000001f9f2da3720 Thread added: 0x000001f9f497ea70
Event: 10.664 Thread 0x000001f9f2da3720 Thread added: 0x000001f9f497fe20
Event: 10.665 Thread 0x000001f9f2da3720 Thread added: 0x000001f9f49804b0
Event: 10.682 Thread 0x000001f9ec41c570 Thread added: 0x000001f9f2da2fb0
Event: 10.687 Thread 0x000001f9f2da3720 Thread added: 0x000001f9ec5c2740
Event: 10.688 Thread 0x000001f9f2da3720 Thread added: 0x000001f9f45f0970
Event: 10.688 Thread 0x000001f9f2da3720 Thread added: 0x000001f9f5c80850
Event: 10.689 Thread 0x000001f9f2da3720 Thread added: 0x000001f9f5c7fb30
Event: 10.689 Thread 0x000001f9f2da3720 Thread added: 0x000001f9f5c801c0
Event: 10.689 Thread 0x000001f9f2da3720 Thread added: 0x000001f9f5c7f4a0
Event: 10.690 Thread 0x000001f9f2da3720 Thread added: 0x000001f9f5c80ee0
Event: 10.777 Thread 0x000001f9ec41c570 Thread added: 0x000001f9f66dcbf0


Dynamic libraries:
0x00007ff76d6c0000 - 0x00007ff76d6ca000 	C:\Program Files\Android\Android Studio\jbr\bin\java.exe
0x00007ffb2ff80000 - 0x00007ffb301e5000 	C:\WINDOWS\SYSTEM32\ntdll.dll
0x00007ffb2e960000 - 0x00007ffb2ea29000 	C:\WINDOWS\System32\KERNEL32.DLL
0x00007ffb2d490000 - 0x00007ffb2d878000 	C:\WINDOWS\System32\KERNELBASE.dll
0x00007ffb2da50000 - 0x00007ffb2db9b000 	C:\WINDOWS\System32\ucrtbase.dll
0x00007ffb1e8b0000 - 0x00007ffb1e8c8000 	C:\Program Files\Android\Android Studio\jbr\bin\jli.dll
0x00007ffb21120000 - 0x00007ffb2113b000 	C:\Program Files\Android\Android Studio\jbr\bin\VCRUNTIME140.dll
0x00007ffb2e180000 - 0x00007ffb2e34a000 	C:\WINDOWS\System32\USER32.dll
0x00007ffb2d0d0000 - 0x00007ffb2d0f7000 	C:\WINDOWS\System32\win32u.dll
0x00007ffb19fa0000 - 0x00007ffb1a23a000 	C:\WINDOWS\WinSxS\amd64_microsoft.windows.common-controls_6595b64144ccf1df_6.0.26100.4202_none_3e0698d4e335f517\COMCTL32.dll
0x00007ffb2fe20000 - 0x00007ffb2fe4b000 	C:\WINDOWS\System32\GDI32.dll
0x00007ffb2e860000 - 0x00007ffb2e909000 	C:\WINDOWS\System32\msvcrt.dll
0x00007ffb2d910000 - 0x00007ffb2da47000 	C:\WINDOWS\System32\gdi32full.dll
0x00007ffb2d100000 - 0x00007ffb2d1a3000 	C:\WINDOWS\System32\msvcp_win.dll
0x00007ffb2de50000 - 0x00007ffb2de80000 	C:\WINDOWS\System32\IMM32.DLL
0x00007ffb20880000 - 0x00007ffb2088c000 	C:\Program Files\Android\Android Studio\jbr\bin\vcruntime140_1.dll
0x00007ffb1d560000 - 0x00007ffb1d5ed000 	C:\Program Files\Android\Android Studio\jbr\bin\msvcp140.dll
0x00007ffa827d0000 - 0x00007ffa8345a000 	C:\Program Files\Android\Android Studio\jbr\bin\server\jvm.dll
0x00007ffb2f8d0000 - 0x00007ffb2f983000 	C:\WINDOWS\System32\ADVAPI32.dll
0x00007ffb2f670000 - 0x00007ffb2f716000 	C:\WINDOWS\System32\sechost.dll
0x00007ffb2dd30000 - 0x00007ffb2de45000 	C:\WINDOWS\System32\RPCRT4.dll
0x00007ffb2de90000 - 0x00007ffb2df04000 	C:\WINDOWS\System32\WS2_32.dll
0x00007ffb2bcd0000 - 0x00007ffb2bd2e000 	C:\WINDOWS\SYSTEM32\POWRPROF.dll
0x00007ffb1c8d0000 - 0x00007ffb1c905000 	C:\WINDOWS\SYSTEM32\WINMM.dll
0x00007ffb25640000 - 0x00007ffb2564b000 	C:\WINDOWS\SYSTEM32\VERSION.dll
0x00007ffb2bcb0000 - 0x00007ffb2bcc4000 	C:\WINDOWS\SYSTEM32\UMPDC.dll
0x00007ffb2bf90000 - 0x00007ffb2bfab000 	C:\WINDOWS\SYSTEM32\kernel.appcore.dll
0x00007ffb1c5d0000 - 0x00007ffb1c5da000 	C:\Program Files\Android\Android Studio\jbr\bin\jimage.dll
0x00007ffb1a9f0000 - 0x00007ffb1ac31000 	C:\WINDOWS\SYSTEM32\DBGHELP.DLL
0x00007ffb2e370000 - 0x00007ffb2e6f5000 	C:\WINDOWS\System32\combase.dll
0x00007ffb2fe50000 - 0x00007ffb2ff31000 	C:\WINDOWS\System32\OLEAUT32.dll
0x00007ffb25550000 - 0x00007ffb25589000 	C:\WINDOWS\SYSTEM32\dbgcore.DLL
0x00007ffb2d330000 - 0x00007ffb2d3c9000 	C:\WINDOWS\System32\bcryptPrimitives.dll
0x00007ffb29f50000 - 0x00007ffb29f5e000 	C:\Program Files\Android\Android Studio\jbr\bin\instrument.dll
0x00007ffb12400000 - 0x00007ffb12420000 	C:\Program Files\Android\Android Studio\jbr\bin\java.dll
0x00007ffb123e0000 - 0x00007ffb123f8000 	C:\Program Files\Android\Android Studio\jbr\bin\zip.dll
0x00007ffb2ed00000 - 0x00007ffb2f442000 	C:\WINDOWS\System32\SHELL32.dll
0x00007ffb2d1b0000 - 0x00007ffb2d324000 	C:\WINDOWS\System32\wintypes.dll
0x00007ffb2ad20000 - 0x00007ffb2b578000 	C:\WINDOWS\SYSTEM32\windows.storage.dll
0x00007ffb2f570000 - 0x00007ffb2f661000 	C:\WINDOWS\System32\SHCORE.dll
0x00007ffb2f4e0000 - 0x00007ffb2f54a000 	C:\WINDOWS\System32\shlwapi.dll
0x00007ffb2cfe0000 - 0x00007ffb2d00f000 	C:\WINDOWS\SYSTEM32\profapi.dll
0x00007ffb12a20000 - 0x00007ffb12a30000 	C:\Program Files\Android\Android Studio\jbr\bin\net.dll
0x00007ffb273e0000 - 0x00007ffb274fe000 	C:\WINDOWS\SYSTEM32\WINHTTP.dll
0x00007ffb2c520000 - 0x00007ffb2c58a000 	C:\WINDOWS\system32\mswsock.dll
0x00007ffb12320000 - 0x00007ffb12336000 	C:\Program Files\Android\Android Studio\jbr\bin\nio.dll
0x00007ffaffc60000 - 0x00007ffaffc70000 	C:\Program Files\Android\Android Studio\jbr\bin\verify.dll
0x00007ffafca50000 - 0x00007ffafca77000 	C:\Users\andre\.gradle\native\c067742578af261105cb4f569cf0c3c89f3d7b1fecec35dd04571415982c5e48\windows-amd64\native-platform.dll
0x00007ffb1d410000 - 0x00007ffb1d554000 	C:\Users\andre\.gradle\native\100fb08df4bc3b14c8652ba06237920a3bd2aa13389f12d3474272988ae205f9\windows-amd64\native-platform-file-events.dll
0x00007ffb04ca0000 - 0x00007ffb04ca9000 	C:\Program Files\Android\Android Studio\jbr\bin\management.dll
0x00007ffb011f0000 - 0x00007ffb011fb000 	C:\Program Files\Android\Android Studio\jbr\bin\management_ext.dll
0x00007ffb2f4d0000 - 0x00007ffb2f4d8000 	C:\WINDOWS\System32\PSAPI.DLL
0x00007ffb2c7d0000 - 0x00007ffb2c7eb000 	C:\WINDOWS\SYSTEM32\CRYPTSP.dll
0x00007ffb2bef0000 - 0x00007ffb2bf2a000 	C:\WINDOWS\system32\rsaenh.dll
0x00007ffb2c5c0000 - 0x00007ffb2c5eb000 	C:\WINDOWS\SYSTEM32\USERENV.dll
0x00007ffb2cfb0000 - 0x00007ffb2cfd6000 	C:\WINDOWS\SYSTEM32\bcrypt.dll
0x00007ffb2c7f0000 - 0x00007ffb2c7fc000 	C:\WINDOWS\SYSTEM32\CRYPTBASE.dll
0x00007ffb2b9b0000 - 0x00007ffb2b9e3000 	C:\WINDOWS\SYSTEM32\IPHLPAPI.DLL
0x00007ffb2e360000 - 0x00007ffb2e36a000 	C:\WINDOWS\System32\NSI.dll
0x00007ffb123d0000 - 0x00007ffb123d9000 	C:\Program Files\Android\Android Studio\jbr\bin\extnet.dll
0x00007ffb2a110000 - 0x00007ffb2a118000 	C:\WINDOWS\system32\wshunix.dll
0x00007ffb2c0d0000 - 0x00007ffb2c106000 	C:\WINDOWS\SYSTEM32\ntmarta.dll

dbghelp: loaded successfully - version: 4.0.5 - missing functions: none
symbol engine: initialized successfully - sym options: 0x614 - pdb path: .;C:\Program Files\Android\Android Studio\jbr\bin;C:\WINDOWS\SYSTEM32;C:\WINDOWS\WinSxS\amd64_microsoft.windows.common-controls_6595b64144ccf1df_6.0.26100.4202_none_3e0698d4e335f517;C:\Program Files\Android\Android Studio\jbr\bin\server;C:\Users\andre\.gradle\native\c067742578af261105cb4f569cf0c3c89f3d7b1fecec35dd04571415982c5e48\windows-amd64;C:\Users\andre\.gradle\native\100fb08df4bc3b14c8652ba06237920a3bd2aa13389f12d3474272988ae205f9\windows-amd64

VM Arguments:
jvm_args: --add-opens=java.base/java.lang=ALL-UNNAMED --add-opens=java.base/java.lang.invoke=ALL-UNNAMED --add-opens=java.base/java.util=ALL-UNNAMED --add-opens=java.prefs/java.util.prefs=ALL-UNNAMED --add-exports=jdk.compiler/com.sun.tools.javac.api=ALL-UNNAMED --add-exports=jdk.compiler/com.sun.tools.javac.util=ALL-UNNAMED --add-opens=java.base/java.util=ALL-UNNAMED --add-opens=java.prefs/java.util.prefs=ALL-UNNAMED --add-opens=java.base/java.nio.charset=ALL-UNNAMED --add-opens=java.base/java.net=ALL-UNNAMED --add-opens=java.base/java.util.concurrent.atomic=ALL-UNNAMED --add-opens=java.xml/javax.xml.namespace=ALL-UNNAMED -Xmx2048m -Dfile.encoding=UTF-8 -Duser.country=US -Duser.language=en -Duser.variant -javaagent:C:\Users\andre\.gradle\wrapper\dists\gradle-8.11-bin\c4te04g51qsyw1bxcb929u7br\gradle-8.11\lib\agents\gradle-instrumentation-agent-8.11.jar 
java_command: org.gradle.launcher.daemon.bootstrap.GradleDaemon 8.11
java_class_path (initial): C:\Users\andre\.gradle\wrapper\dists\gradle-8.11-bin\c4te04g51qsyw1bxcb929u7br\gradle-8.11\lib\gradle-daemon-main-8.11.jar
Launcher Type: SUN_STANDARD

[Global flags]
     intx CICompilerCount                          = 4                                         {product} {ergonomic}
     uint ConcGCThreads                            = 2                                         {product} {ergonomic}
     uint G1ConcRefinementThreads                  = 8                                         {product} {ergonomic}
   size_t G1HeapRegionSize                         = 1048576                                   {product} {ergonomic}
    uintx GCDrainStackTargetSize                   = 64                                        {product} {ergonomic}
   size_t InitialHeapSize                          = 266338304                                 {product} {ergonomic}
   size_t MarkStackSize                            = 4194304                                   {product} {ergonomic}
   size_t MaxHeapSize                              = 2147483648                                {product} {command line}
   size_t MaxNewSize                               = 1287651328                                {product} {ergonomic}
   size_t MinHeapDeltaBytes                        = 1048576                                   {product} {ergonomic}
   size_t MinHeapSize                              = 8388608                                   {product} {ergonomic}
    uintx NonNMethodCodeHeapSize                   = 5839372                                {pd product} {ergonomic}
    uintx NonProfiledCodeHeapSize                  = 122909434                              {pd product} {ergonomic}
    uintx ProfiledCodeHeapSize                     = 122909434                              {pd product} {ergonomic}
    uintx ReservedCodeCacheSize                    = 251658240                              {pd product} {ergonomic}
     bool SegmentedCodeCache                       = true                                      {product} {ergonomic}
   size_t SoftMaxHeapSize                          = 2147483648                             {manageable} {ergonomic}
     bool UseCompressedOops                        = true                           {product lp64_product} {ergonomic}
     bool UseG1GC                                  = true                                      {product} {ergonomic}
     bool UseLargePagesIndividualAllocation        = false                                  {pd product} {ergonomic}

Logging:
Log output configuration:
 #0: stdout all=warning uptime,level,tags foldmultilines=false
 #1: stderr all=off uptime,level,tags foldmultilines=false

Environment Variables:
JAVA_HOME=C:\Users\andre\.jdks\corretto-17.0.14
PATH=C:\WINDOWS\system32;C:\WINDOWS;C:\WINDOWS\System32\Wbem;C:\WINDOWS\System32\WindowsPowerShell\v1.0\;C:\WINDOWS\System32\OpenSSH\;C:\Program Files\Git\cmd;C:\Users\andre\AppData\Local\Android\Sdk\platform-tools\;C:\Program Files (x86)\NVIDIA Corporation\PhysX\Common;C:\Users\andre\AppData\Local\flutter\bin;C:\Users\andre\.jdks\corretto-17.0.14\bin;;C:\Program Files\NVIDIA Corporation\NVIDIA App\NvDLISR;C:\Users\andre\AppData\Local\Microsoft\WindowsApps;C:\Users\andre\AppData\Local\Programs\Microsoft VS Code\bin;
USERNAME=andre
OS=Windows_NT
PROCESSOR_IDENTIFIER=Intel64 Family 6 Model 165 Stepping 2, GenuineIntel
TMP=C:\Users\andre\AppData\Local\Temp
TEMP=C:\Users\andre\AppData\Local\Temp




Periodic native trim disabled

JNI global refs:
JNI global refs: 29, weak refs: 32

JNI global refs memory usage: 835, weak refs: 833

Process memory usage:
Resident Set Size: 349724K (2% of 16547592K total physical memory with 4526396K free physical memory)

OOME stack traces (most recent first):
Classloader memory used:
Loader org.gradle.internal.classloader.VisitableURLClassLoader                         : 27683K
Loader bootstrap                                                                       : 22369K
Loader org.gradle.initialization.MixInLegacyTypesClassLoader                           : 6526K
Loader org.gradle.internal.classloader.VisitableURLClassLoader                         : 692K
Loader jdk.internal.loader.ClassLoaders$PlatformClassLoader                            : 496K
Loader jdk.internal.loader.ClassLoaders$AppClassLoader                                 : 232K
Loader jdk.internal.reflect.DelegatingClassLoader                                      : 150K
Loader org.gradle.groovy.scripts.internal.DefaultScriptCompilationHandler$ScriptClassLoader: 74376B
Loader org.codehaus.groovy.runtime.callsite.CallSiteClassLoader                        : 18472B

Classes loaded by more than one classloader:
Class org.gradle.api.GradleException                                                  : loaded 3 times (x 78B)
Class org.gradle.internal.classloader.ClassLoaderHierarchy                            : loaded 2 times (x 66B)
Class org.gradle.api.internal.classpath.ManifestUtil                                  : loaded 2 times (x 67B)
Class org.gradle.internal.operations.MultipleBuildOperationFailures                   : loaded 2 times (x 91B)
Class org.gradle.internal.classloader.DefaultClassLoaderFactory                       : loaded 2 times (x 78B)
Class kotlin.collections.AbstractList$Companion                                       : loaded 2 times (x 67B)
Class org.gradle.internal.classloader.ClassLoaderVisitor                              : loaded 2 times (x 72B)
Class org.gradle.api.internal.classpath.EffectiveClassPath                            : loaded 2 times (x 86B)
Class org.gradle.api.internal.DefaultClassPathProvider                                : loaded 2 times (x 72B)
Class [Lorg.gradle.api.internal.ClassPathProvider;                                    : loaded 2 times (x 65B)
Class org.gradle.api.internal.ClassPathProvider                                       : loaded 2 times (x 66B)
Class org.gradle.internal.service.UnknownServiceException                             : loaded 2 times (x 79B)
Class org.gradle.internal.classpath.TransformedClassPath                              : loaded 2 times (x 92B)
Class org.gradle.internal.classloader.InstrumentingClassLoader                        : loaded 2 times (x 66B)
Class kotlin.enums.EnumEntriesList                                                    : loaded 2 times (x 219B)
Class org.gradle.internal.service.ServiceLocator                                      : loaded 2 times (x 66B)
Class org.gradle.internal.InternalTransformer                                         : loaded 2 times (x 66B)
Class org.gradle.internal.time.DefaultTimer                                           : loaded 2 times (x 76B)
Class org.gradle.internal.classloader.ClasspathUtil$1                                 : loaded 2 times (x 72B)
Class org.gradle.api.internal.classpath.DefaultModuleRegistry$DefaultModule           : loaded 2 times (x 82B)
Class org.gradle.internal.time.DefaultCountdownTimer                                  : loaded 2 times (x 84B)
Class kotlin.Function                                                                 : loaded 2 times (x 66B)
Class org.gradle.api.internal.classpath.Module                                        : loaded 2 times (x 66B)
Class sync_studio_tooling4_8nw9le87w5wn2uhyc68lyrdqd                                  : loaded 2 times (x 175B)
Class org.gradle.api.internal.classpath.UnknownModuleException                        : loaded 2 times (x 78B)
Class org.gradle.api.internal.DefaultClassPathRegistry                                : loaded 2 times (x 72B)
Class org.gradle.api.internal.ClassPathRegistry                                       : loaded 2 times (x 66B)
Class org.gradle.internal.classpath.DefaultClassPath$ImmutableUniqueList              : loaded 2 times (x 195B)
Class org.gradle.internal.classpath.ClassPath                                         : loaded 2 times (x 66B)
Class org.gradle.api.UncheckedIOException                                             : loaded 2 times (x 78B)
Class kotlin.UninitializedPropertyAccessException                                     : loaded 2 times (x 78B)
Class org.gradle.internal.installation.GradleInstallation$1                           : loaded 2 times (x 71B)
Class org.gradle.api.internal.classpath.ModuleRegistry                                : loaded 2 times (x 66B)
Class org.gradle.api.internal.classpath.DefaultModuleRegistry                         : loaded 2 times (x 82B)
Class org.gradle.internal.time.MonotonicClock                                         : loaded 2 times (x 73B)
Class org.gradle.internal.service.ServiceLookupException                              : loaded 2 times (x 78B)
Class org.gradle.internal.classloader.ClassLoaderFactory                              : loaded 2 times (x 66B)
Class org.gradle.internal.service.CachingServiceLocator                               : loaded 2 times (x 78B)
Class org.gradle.internal.time.TimeSource                                             : loaded 2 times (x 66B)
Class kotlin.enums.EnumEntries                                                        : loaded 2 times (x 66B)
Class org.gradle.internal.exceptions.ResolutionProvider                               : loaded 2 times (x 66B)
Class org.gradle.internal.classloader.ClasspathUtil                                   : loaded 2 times (x 67B)
Class org.gradle.internal.time.TimeSource$1                                           : loaded 2 times (x 73B)
Class org.gradle.api.specs.Spec                                                       : loaded 2 times (x 66B)
Class org.gradle.internal.time.Clock                                                  : loaded 2 times (x 66B)
Class kotlin.collections.AbstractList                                                 : loaded 2 times (x 193B)
Class kotlin.collections.AbstractCollection                                           : loaded 2 times (x 113B)
Class org.gradle.internal.classloader.VisitableURLClassLoader$InstrumentingVisitableURLClassLoader: loaded 2 times (x 119B)
Class org.gradle.internal.classloader.VisitableURLClassLoader$Spec                    : loaded 2 times (x 70B)
Class org.gradle.internal.classpath.DefaultClassPath                                  : loaded 2 times (x 86B)
Class org.gradle.internal.classloader.ClassLoaderSpec                                 : loaded 2 times (x 67B)
Class org.gradle.internal.classloader.VisitableURLClassLoader                         : loaded 2 times (x 113B)
Class org.gradle.internal.Cast                                                        : loaded 2 times (x 67B)
Class org.gradle.api.Action                                                           : loaded 2 times (x 66B)
Class kotlin.jvm.functions.Function1                                                  : loaded 2 times (x 66B)
Class org.gradle.internal.classpath.DefaultClassPath$ImmutableUniqueList$Builder      : loaded 2 times (x 71B)
Class org.gradle.internal.classloader.FilteringClassLoader                            : loaded 2 times (x 101B)
Class org.gradle.internal.exceptions.NonGradleCauseExceptionsHolder                   : loaded 2 times (x 66B)
Class kotlin.enums.EnumEntriesKt                                                      : loaded 2 times (x 67B)
Class org.gradle.internal.IoActions                                                   : loaded 2 times (x 67B)
Class org.gradle.internal.classloader.SystemClassLoaderSpec                           : loaded 2 times (x 67B)
Class org.gradle.internal.exceptions.MultiCauseException                              : loaded 2 times (x 66B)
Class org.gradle.internal.time.CountdownTimer                                         : loaded 2 times (x 66B)
Class kotlin.jvm.internal.Intrinsics                                                  : loaded 2 times (x 67B)
Class org.gradle.tooling.model.ProjectModel                                           : loaded 2 times (x 66B)
Class kotlin.KotlinNullPointerException                                               : loaded 2 times (x 79B)
Class org.gradle.internal.exceptions.DefaultMultiCauseException                       : loaded 2 times (x 91B)
Class org.gradle.internal.time.Time                                                   : loaded 2 times (x 67B)
Class org.gradle.api.internal.classpath.GlobalCacheRootsProvider                      : loaded 2 times (x 66B)
Class org.gradle.internal.time.Timer                                                  : loaded 2 times (x 66B)
Class kotlin.jvm.internal.markers.KMappedMarker                                       : loaded 2 times (x 66B)
Class org.gradle.internal.installation.CurrentGradleInstallationLocator               : loaded 2 times (x 67B)
Class org.gradle.internal.service.DefaultServiceLocator                               : loaded 2 times (x 79B)
Class org.gradle.util.GradleVersion                                                   : loaded 2 times (x 79B)
Class org.gradle.internal.installation.CurrentGradleInstallation                      : loaded 2 times (x 69B)
Class org.gradle.util.internal.GUtil                                                  : loaded 2 times (x 67B)
Class org.gradle.internal.installation.GradleInstallation                             : loaded 2 times (x 71B)

---------------  S Y S T E M  ---------------

OS:
 Windows 11 , 64 bit Build 26100 (10.0.26100.4202)
OS uptime: 1 days 12:01 hours
Hyper-V role detected

CPU: total 8 (initial active 8) (4 cores per cpu, 2 threads per core) family 6 model 165 stepping 2 microcode 0x100, cx8, cmov, fxsr, ht, mmx, 3dnowpref, sse, sse2, sse3, ssse3, sse4.1, sse4.2, popcnt, lzcnt, tsc, tscinvbit, avx, avx2, aes, erms, clmul, bmi1, bmi2, adx, fma, vzeroupper, clflush, clflushopt, hv, rdtscp, f16c
Processor Information for all 8 processors :
  Max Mhz: 2400, Current Mhz: 2400, Mhz Limit: 2400

Memory: 4k page, system-wide physical 16159M (4420M free)
TotalPageFile size 35105M (AvailPageFile size 109M)
current process WorkingSet (physical memory assigned to process): 341M, peak: 352M
current process commit charge ("private bytes"): 378M, peak: 489M

vm_info: OpenJDK 64-Bit Server VM (21.0.5+-12932927-b750.29) for windows-amd64 JRE (21.0.5+-12932927-b750.29), built on 2025-01-17T02:01:10Z by "builder" with MS VC++ 16.10 / 16.11 (VS2019)

END.
